;  LST file generated by mikroListExporter - v.2.0 
; Date/Time: 11/28/2022 15:52:03
;----------------------------------------------

;Address Opcode 	ASM
____SysVT:
0x0000	0xFFFC2001  	537001980
0x0004	0x0CC90000  	3273
0x0008	0x090D0000  	2317
0x000C	0x090D0000  	2317
0x0010	0x090D0000  	2317
0x0014	0x090D0000  	2317
0x0018	0x090D0000  	2317
0x001C	0x090D0000  	2317
0x0020	0x090D0000  	2317
0x0024	0x090D0000  	2317
0x0028	0x090D0000  	2317
0x002C	0x090D0000  	2317
0x0030	0x090D0000  	2317
0x0034	0x090D0000  	2317
0x0038	0x090D0000  	2317
0x003C	0x090D0000  	2317
0x0040	0x090D0000  	2317
0x0044	0x090D0000  	2317
0x0048	0x090D0000  	2317
0x004C	0x090D0000  	2317
0x0050	0x090D0000  	2317
0x0054	0x090D0000  	2317
0x0058	0x090D0000  	2317
0x005C	0x090D0000  	2317
0x0060	0x090D0000  	2317
0x0064	0x090D0000  	2317
0x0068	0x090D0000  	2317
0x006C	0x090D0000  	2317
0x0070	0x090D0000  	2317
0x0074	0x090D0000  	2317
0x0078	0x090D0000  	2317
0x007C	0x090D0000  	2317
0x0080	0x090D0000  	2317
0x0084	0x090D0000  	2317
0x0088	0x090D0000  	2317
0x008C	0x090D0000  	2317
0x0090	0x090D0000  	2317
0x0094	0x090D0000  	2317
0x0098	0x090D0000  	2317
0x009C	0x090D0000  	2317
0x00A0	0x090D0000  	2317
0x00A4	0x090D0000  	2317
0x00A8	0x090D0000  	2317
0x00AC	0x090D0000  	2317
0x00B0	0x090D0000  	2317
0x00B4	0x090D0000  	2317
0x00B8	0x090D0000  	2317
0x00BC	0x090D0000  	2317
0x00C0	0x090D0000  	2317
0x00C4	0x090D0000  	2317
0x00C8	0x090D0000  	2317
0x00CC	0x090D0000  	2317
0x00D0	0x090D0000  	2317
0x00D4	0x090D0000  	2317
0x00D8	0x090D0000  	2317
0x00DC	0x090D0000  	2317
0x00E0	0x090D0000  	2317
0x00E4	0x090D0000  	2317
0x00E8	0x090D0000  	2317
0x00EC	0x090D0000  	2317
0x00F0	0x090D0000  	2317
0x00F4	0x090D0000  	2317
0x00F8	0x090D0000  	2317
0x00FC	0x090D0000  	2317
0x0100	0x090D0000  	2317
0x0104	0x090D0000  	2317
0x0108	0x090D0000  	2317
0x010C	0x090D0000  	2317
0x0110	0x090D0000  	2317
0x0114	0x090D0000  	2317
0x0118	0x090D0000  	2317
0x011C	0x090D0000  	2317
0x0120	0x090D0000  	2317
0x0124	0x090D0000  	2317
0x0128	0x090D0000  	2317
0x012C	0x090D0000  	2317
0x0130	0x090D0000  	2317
0x0134	0x090D0000  	2317
0x0138	0x090D0000  	2317
0x013C	0x090D0000  	2317
0x0140	0x090D0000  	2317
0x0144	0x090D0000  	2317
0x0148	0x090D0000  	2317
0x014C	0x090D0000  	2317
0x0150	0x090D0000  	2317
0x0154	0x090D0000  	2317
0x0158	0x090D0000  	2317
0x015C	0x090D0000  	2317
0x0160	0x090D0000  	2317
0x0164	0x090D0000  	2317
0x0168	0x090D0000  	2317
0x016C	0x090D0000  	2317
0x0170	0x090D0000  	2317
0x0174	0x090D0000  	2317
0x0178	0x090D0000  	2317
0x017C	0x090D0000  	2317
0x0180	0x090D0000  	2317
0x0184	0x090D0000  	2317
; end of ____SysVT
_main:
;main.c, 42 :: 		void main () {
0x0CC8	0xB081    SUB	SP, SP, #4
0x0CCA	0xF7FFFE4B  BL	2404
0x0CCE	0xF7FFFE21  BL	2324
0x0CD2	0xF000F8BB  BL	3660
0x0CD6	0xF7FFFE33  BL	2368
0x0CDA	0xF000F877  BL	3532
;main.c, 43 :: 		Lcd_Init();                     // Initialize LCD
0x0CDE	0xF7FFFCF7  BL	_Lcd_Init+0
;main.c, 45 :: 		Lcd_Cmd(_LCD_CLEAR);            // Clear display
0x0CE2	0x2001    MOVS	R0, #1
0x0CE4	0xF7FFFC98  BL	_Lcd_Cmd+0
;main.c, 46 :: 		Lcd_Cmd(_LCD_CURSOR_OFF);       // Cursur off
0x0CE8	0x200C    MOVS	R0, #12
0x0CEA	0xF7FFFC95  BL	_Lcd_Cmd+0
;main.c, 47 :: 		Lcd_Out(1, 6, txt3);            // Write text in first row
0x0CEE	0x4A28    LDR	R2, [PC, #160]
0x0CF0	0x2106    MOVS	R1, #6
0x0CF2	0x2001    MOVS	R0, #1
0x0CF4	0xF7FFFC2E  BL	_Lcd_Out+0
;main.c, 49 :: 		Lcd_Out(2, 6, txt4);            // Write text in second row
0x0CF8	0x4A26    LDR	R2, [PC, #152]
0x0CFA	0x2106    MOVS	R1, #6
0x0CFC	0x2002    MOVS	R0, #2
0x0CFE	0xF7FFFC29  BL	_Lcd_Out+0
;main.c, 50 :: 		Delay_ms(2000);
0x0D02	0xF64F37FE  MOVW	R7, #64510
0x0D06	0xF2C067AC  MOVT	R7, #1708
L_main2:
0x0D0A	0x1E7F    SUBS	R7, R7, #1
0x0D0C	0xD1FD    BNE	L_main2
0x0D0E	0xBF00    NOP
0x0D10	0xBF00    NOP
0x0D12	0xBF00    NOP
0x0D14	0xBF00    NOP
0x0D16	0xBF00    NOP
;main.c, 51 :: 		Lcd_Cmd(_LCD_CLEAR);            // Clear display
0x0D18	0x2001    MOVS	R0, #1
0x0D1A	0xF7FFFC7D  BL	_Lcd_Cmd+0
;main.c, 53 :: 		Lcd_Out(1, 1, txt1);            // Write text in first row
0x0D1E	0x4A1E    LDR	R2, [PC, #120]
0x0D20	0x2101    MOVS	R1, #1
0x0D22	0x2001    MOVS	R0, #1
0x0D24	0xF7FFFC16  BL	_Lcd_Out+0
;main.c, 54 :: 		Lcd_Out(2, 7, txt2);            // Write text in second row
0x0D28	0x4A1C    LDR	R2, [PC, #112]
0x0D2A	0x2107    MOVS	R1, #7
0x0D2C	0x2002    MOVS	R0, #2
0x0D2E	0xF7FFFC11  BL	_Lcd_Out+0
;main.c, 56 :: 		Delay_ms(2000);
0x0D32	0xF64F37FE  MOVW	R7, #64510
0x0D36	0xF2C067AC  MOVT	R7, #1708
L_main4:
0x0D3A	0x1E7F    SUBS	R7, R7, #1
0x0D3C	0xD1FD    BNE	L_main4
0x0D3E	0xBF00    NOP
0x0D40	0xBF00    NOP
0x0D42	0xBF00    NOP
0x0D44	0xBF00    NOP
0x0D46	0xBF00    NOP
;main.c, 59 :: 		for (i = 0; i < 4; i++) {       // Move text to the right 4 times
0x0D48	0x2100    MOVS	R1, #0
0x0D4A	0x4815    LDR	R0, [PC, #84]
0x0D4C	0x7001    STRB	R1, [R0, #0]
L_main6:
0x0D4E	0x4814    LDR	R0, [PC, #80]
0x0D50	0x7800    LDRB	R0, [R0, #0]
0x0D52	0x2804    CMP	R0, #4
0x0D54	0xD209    BCS	L_main7
;main.c, 60 :: 		Lcd_Cmd(_LCD_SHIFT_RIGHT);
0x0D56	0x201C    MOVS	R0, #28
0x0D58	0xF7FFFC5E  BL	_Lcd_Cmd+0
;main.c, 61 :: 		Move_Delay();
0x0D5C	0xF7FFFBEC  BL	_Move_Delay+0
;main.c, 59 :: 		for (i = 0; i < 4; i++) {       // Move text to the right 4 times
0x0D60	0x490F    LDR	R1, [PC, #60]
0x0D62	0x7808    LDRB	R0, [R1, #0]
0x0D64	0x1C40    ADDS	R0, R0, #1
0x0D66	0x7008    STRB	R0, [R1, #0]
;main.c, 62 :: 		}
0x0D68	0xE7F1    B	L_main6
L_main7:
;main.c, 64 :: 		while (1) {                     // Endless loop
L_main9:
;main.c, 65 :: 		for (i = 0; i < 7; i++) {   // Move text to the left 7 times
0x0D6A	0x2100    MOVS	R1, #0
0x0D6C	0x480C    LDR	R0, [PC, #48]
0x0D6E	0x7001    STRB	R1, [R0, #0]
L_main11:
0x0D70	0x480B    LDR	R0, [PC, #44]
0x0D72	0x7800    LDRB	R0, [R0, #0]
0x0D74	0x2807    CMP	R0, #7
0x0D76	0xD209    BCS	L_main12
;main.c, 66 :: 		Lcd_Cmd(_LCD_SHIFT_LEFT);
0x0D78	0x2018    MOVS	R0, #24
0x0D7A	0xF7FFFC4D  BL	_Lcd_Cmd+0
;main.c, 67 :: 		Move_Delay();
0x0D7E	0xF7FFFBDB  BL	_Move_Delay+0
;main.c, 65 :: 		for (i = 0; i < 7; i++) {   // Move text to the left 7 times
0x0D82	0x4907    LDR	R1, [PC, #28]
0x0D84	0x7808    LDRB	R0, [R1, #0]
0x0D86	0x1C40    ADDS	R0, R0, #1
0x0D88	0x7008    STRB	R0, [R1, #0]
;main.c, 68 :: 		}
0x0D8A	0xE7F1    B	L_main11
L_main12:
;main.c, 69 :: 		}
0x0D8C	0xE7ED    B	L_main9
;main.c, 70 :: 		}
L_end_main:
L__main_end_loop:
0x0D8E	0xE7FE    B	L__main_end_loop
0x0D90	0x00002000  	_txt3+0
0x0D94	0x00082000  	_txt4+0
0x0D98	0x00102000  	_txt1+0
0x0D9C	0x00212000  	_txt2+0
0x0DA0	0x00272000  	_i+0
; end of _main
___CC2DW:
;__Lib_System_4XX.c, 44 :: 		
0x0604	0xB081    SUB	SP, SP, #4
;__Lib_System_4XX.c, 46 :: 		
L_loopDW:
;__Lib_System_4XX.c, 47 :: 		
0x0606	0xF81C9B01  LDRB	R9, [R12], #1
;__Lib_System_4XX.c, 48 :: 		
0x060A	0xF80B9B01  STRB	R9, [R11], #1
;__Lib_System_4XX.c, 49 :: 		
0x060E	0xEBBB0F0A  CMP	R11, R10, LSL #0
;__Lib_System_4XX.c, 50 :: 		
0x0612	0xD1F8    BNE	L_loopDW
;__Lib_System_4XX.c, 52 :: 		
L_end___CC2DW:
0x0614	0xB001    ADD	SP, SP, #4
0x0616	0x4770    BX	LR
; end of ___CC2DW
___FillZeros:
;__Lib_System_4XX.c, 86 :: 		
0x05C8	0xB081    SUB	SP, SP, #4
;__Lib_System_4XX.c, 88 :: 		
0x05CA	0xF04F0900  MOV	R9, #0
;__Lib_System_4XX.c, 89 :: 		
0x05CE	0xF04F0C00  MOV	R12, #0
;__Lib_System_4XX.c, 90 :: 		
0x05D2	0xEBBD0F0A  CMP	SP, R10, LSL #0
;__Lib_System_4XX.c, 91 :: 		
0x05D6	0xDC04    BGT	L_loopFZs
;__Lib_System_4XX.c, 92 :: 		
0x05D8	0xEBBD0F0B  CMP	SP, R11, LSL #0
;__Lib_System_4XX.c, 93 :: 		
0x05DC	0xDB01    BLT	L_loopFZs
;__Lib_System_4XX.c, 94 :: 		
0x05DE	0x46D4    MOV	R12, R10
;__Lib_System_4XX.c, 95 :: 		
0x05E0	0x46EA    MOV	R10, SP
;__Lib_System_4XX.c, 96 :: 		
L_loopFZs:
;__Lib_System_4XX.c, 97 :: 		
0x05E2	0xF84B9B04  STR	R9, [R11], #4
;__Lib_System_4XX.c, 98 :: 		
0x05E6	0xEBBB0F0A  CMP	R11, R10, LSL #0
;__Lib_System_4XX.c, 99 :: 		
0x05EA	0xD1FA    BNE	L_loopFZs
;__Lib_System_4XX.c, 100 :: 		
0x05EC	0xEBBC0F0A  CMP	R12, R10, LSL #0
;__Lib_System_4XX.c, 101 :: 		
0x05F0	0xDD05    BLE	L_norep
;__Lib_System_4XX.c, 102 :: 		
0x05F2	0x46E2    MOV	R10, R12
;__Lib_System_4XX.c, 103 :: 		
0x05F4	0xF8D9B000  LDR	R11, [R9, #0]
;__Lib_System_4XX.c, 104 :: 		
0x05F8	0xF10B0B04  ADD	R11, R11, #4
;__Lib_System_4XX.c, 105 :: 		
0x05FC	0xE7F1    B	L_loopFZs
;__Lib_System_4XX.c, 106 :: 		
L_norep:
;__Lib_System_4XX.c, 108 :: 		
L_end___FillZeros:
0x05FE	0xB001    ADD	SP, SP, #4
0x0600	0x4770    BX	LR
; end of ___FillZeros
_Lcd_Init:
;__Lib_Lcd.c, 77 :: 		
0x06D0	0xB081    SUB	SP, SP, #4
0x06D2	0xF8CDE000  STR	LR, [SP, #0]
;__Lib_Lcd.c, 80 :: 		
0x06D6	0xF2414014  MOVW	R0, #lo_addr(LCD_EN+0)
;__Lib_Lcd.c, 81 :: 		
0x06DA	0xF2C40002  MOVT	R0, #hi_addr(LCD_EN+0)
;__Lib_Lcd.c, 82 :: 		
0x06DE	0xF04F0101  MOV	R1, #1
;__Lib_Lcd.c, 83 :: 		
0x06E2	0xEA4F3101  LSL	R1, R1, BitPos(LCD_EN+0)
;__Lib_Lcd.c, 85 :: 		
0x06E6	0x4A81    LDR	R2, [PC, #516]
0x06E8	0xB289    UXTH	R1, R1
0x06EA	0xF7FFFDCF  BL	_GPIO_Config+0
;__Lib_Lcd.c, 88 :: 		
0x06EE	0xF2414014  MOVW	R0, #lo_addr(LCD_RS+0)
;__Lib_Lcd.c, 89 :: 		
0x06F2	0xF2C40002  MOVT	R0, #hi_addr(LCD_RS+0)
;__Lib_Lcd.c, 90 :: 		
0x06F6	0xF04F0101  MOV	R1, #1
;__Lib_Lcd.c, 91 :: 		
0x06FA	0xEA4F21C1  LSL	R1, R1, BitPos(LCD_RS+0)
;__Lib_Lcd.c, 93 :: 		
0x06FE	0x4A7B    LDR	R2, [PC, #492]
0x0700	0xB289    UXTH	R1, R1
0x0702	0xF7FFFDC3  BL	_GPIO_Config+0
;__Lib_Lcd.c, 96 :: 		
0x0706	0xF2414014  MOVW	R0, #lo_addr(LCD_D4+0)
;__Lib_Lcd.c, 97 :: 		
0x070A	0xF2C40002  MOVT	R0, #hi_addr(LCD_D4+0)
;__Lib_Lcd.c, 98 :: 		
0x070E	0xF04F0101  MOV	R1, #1
;__Lib_Lcd.c, 99 :: 		
0x0712	0xEA4F1101  LSL	R1, R1, BitPos(LCD_D4+0)
;__Lib_Lcd.c, 101 :: 		
0x0716	0x4A75    LDR	R2, [PC, #468]
0x0718	0xB289    UXTH	R1, R1
0x071A	0xF7FFFDB7  BL	_GPIO_Config+0
;__Lib_Lcd.c, 104 :: 		
0x071E	0xF2414014  MOVW	R0, #lo_addr(LCD_D5+0)
;__Lib_Lcd.c, 105 :: 		
0x0722	0xF2C40002  MOVT	R0, #hi_addr(LCD_D5+0)
;__Lib_Lcd.c, 106 :: 		
0x0726	0xF04F0101  MOV	R1, #1
;__Lib_Lcd.c, 107 :: 		
0x072A	0xEA4F1141  LSL	R1, R1, BitPos(LCD_D5+0)
;__Lib_Lcd.c, 109 :: 		
0x072E	0x4A6F    LDR	R2, [PC, #444]
0x0730	0xB289    UXTH	R1, R1
0x0732	0xF7FFFDAB  BL	_GPIO_Config+0
;__Lib_Lcd.c, 112 :: 		
0x0736	0xF2414014  MOVW	R0, #lo_addr(LCD_D6+0)
;__Lib_Lcd.c, 113 :: 		
0x073A	0xF2C40002  MOVT	R0, #hi_addr(LCD_D6+0)
;__Lib_Lcd.c, 114 :: 		
0x073E	0xF04F0101  MOV	R1, #1
;__Lib_Lcd.c, 115 :: 		
0x0742	0xEA4F1181  LSL	R1, R1, BitPos(LCD_D6+0)
;__Lib_Lcd.c, 117 :: 		
0x0746	0x4A69    LDR	R2, [PC, #420]
0x0748	0xB289    UXTH	R1, R1
0x074A	0xF7FFFD9F  BL	_GPIO_Config+0
;__Lib_Lcd.c, 120 :: 		
0x074E	0xF2414014  MOVW	R0, #lo_addr(LCD_D7+0)
;__Lib_Lcd.c, 121 :: 		
0x0752	0xF2C40002  MOVT	R0, #hi_addr(LCD_D7+0)
;__Lib_Lcd.c, 122 :: 		
0x0756	0xF04F0101  MOV	R1, #1
;__Lib_Lcd.c, 123 :: 		
0x075A	0xEA4F11C1  LSL	R1, R1, BitPos(LCD_D7+0)
;__Lib_Lcd.c, 125 :: 		
0x075E	0x4A63    LDR	R2, [PC, #396]
0x0760	0xB289    UXTH	R1, R1
0x0762	0xF7FFFD93  BL	_GPIO_Config+0
;__Lib_Lcd.c, 127 :: 		
0x0766	0x2100    MOVS	R1, #0
0x0768	0xB249    SXTB	R1, R1
0x076A	0x4861    LDR	R0, [PC, #388]
0x076C	0x6001    STR	R1, [R0, #0]
;__Lib_Lcd.c, 128 :: 		
0x076E	0x4861    LDR	R0, [PC, #388]
0x0770	0x6001    STR	R1, [R0, #0]
;__Lib_Lcd.c, 129 :: 		
0x0772	0x4861    LDR	R0, [PC, #388]
0x0774	0x6001    STR	R1, [R0, #0]
;__Lib_Lcd.c, 130 :: 		
0x0776	0x4861    LDR	R0, [PC, #388]
0x0778	0x6001    STR	R1, [R0, #0]
;__Lib_Lcd.c, 131 :: 		
0x077A	0x4861    LDR	R0, [PC, #388]
0x077C	0x6001    STR	R1, [R0, #0]
;__Lib_Lcd.c, 132 :: 		
0x077E	0x4861    LDR	R0, [PC, #388]
0x0780	0x6001    STR	R1, [R0, #0]
;__Lib_Lcd.c, 134 :: 		
0x0782	0xF7FFFD55  BL	_Delay_5500us+0
;__Lib_Lcd.c, 135 :: 		
0x0786	0xF7FFFD53  BL	_Delay_5500us+0
;__Lib_Lcd.c, 136 :: 		
0x078A	0xF7FFFD51  BL	_Delay_5500us+0
;__Lib_Lcd.c, 139 :: 		
0x078E	0x2101    MOVS	R1, #1
0x0790	0xB249    SXTB	R1, R1
0x0792	0x485B    LDR	R0, [PC, #364]
0x0794	0x6001    STR	R1, [R0, #0]
;__Lib_Lcd.c, 140 :: 		
0x0796	0x485B    LDR	R0, [PC, #364]
0x0798	0x6001    STR	R1, [R0, #0]
;__Lib_Lcd.c, 141 :: 		
0x079A	0x4855    LDR	R0, [PC, #340]
0x079C	0x6001    STR	R1, [R0, #0]
;__Lib_Lcd.c, 142 :: 		
0x079E	0xF7FFFD67  BL	_Delay_1us+0
;__Lib_Lcd.c, 143 :: 		
0x07A2	0x2100    MOVS	R1, #0
0x07A4	0xB249    SXTB	R1, R1
0x07A6	0x4852    LDR	R0, [PC, #328]
0x07A8	0x6001    STR	R1, [R0, #0]
;__Lib_Lcd.c, 144 :: 		
0x07AA	0xF7FFFD41  BL	_Delay_5500us+0
;__Lib_Lcd.c, 146 :: 		
0x07AE	0x2101    MOVS	R1, #1
0x07B0	0xB249    SXTB	R1, R1
0x07B2	0x484F    LDR	R0, [PC, #316]
0x07B4	0x6001    STR	R1, [R0, #0]
;__Lib_Lcd.c, 147 :: 		
0x07B6	0xF7FFFD5B  BL	_Delay_1us+0
;__Lib_Lcd.c, 148 :: 		
0x07BA	0x2100    MOVS	R1, #0
0x07BC	0xB249    SXTB	R1, R1
0x07BE	0x484C    LDR	R0, [PC, #304]
0x07C0	0x6001    STR	R1, [R0, #0]
;__Lib_Lcd.c, 149 :: 		
0x07C2	0xF7FFFD35  BL	_Delay_5500us+0
;__Lib_Lcd.c, 151 :: 		
0x07C6	0x2101    MOVS	R1, #1
0x07C8	0xB249    SXTB	R1, R1
0x07CA	0x4849    LDR	R0, [PC, #292]
0x07CC	0x6001    STR	R1, [R0, #0]
;__Lib_Lcd.c, 152 :: 		
0x07CE	0xF7FFFD4F  BL	_Delay_1us+0
;__Lib_Lcd.c, 153 :: 		
0x07D2	0x2100    MOVS	R1, #0
0x07D4	0xB249    SXTB	R1, R1
0x07D6	0x4846    LDR	R0, [PC, #280]
0x07D8	0x6001    STR	R1, [R0, #0]
;__Lib_Lcd.c, 154 :: 		
0x07DA	0xF7FFFD29  BL	_Delay_5500us+0
;__Lib_Lcd.c, 157 :: 		
0x07DE	0x2100    MOVS	R1, #0
0x07E0	0xB249    SXTB	R1, R1
0x07E2	0x4848    LDR	R0, [PC, #288]
0x07E4	0x6001    STR	R1, [R0, #0]
;__Lib_Lcd.c, 158 :: 		
0x07E6	0x2101    MOVS	R1, #1
0x07E8	0xB249    SXTB	R1, R1
0x07EA	0x4841    LDR	R0, [PC, #260]
0x07EC	0x6001    STR	R1, [R0, #0]
;__Lib_Lcd.c, 159 :: 		
0x07EE	0xF7FFFD3F  BL	_Delay_1us+0
;__Lib_Lcd.c, 160 :: 		
0x07F2	0x2100    MOVS	R1, #0
0x07F4	0xB249    SXTB	R1, R1
0x07F6	0x483E    LDR	R0, [PC, #248]
0x07F8	0x6001    STR	R1, [R0, #0]
;__Lib_Lcd.c, 161 :: 		
0x07FA	0xF7FFFD19  BL	_Delay_5500us+0
;__Lib_Lcd.c, 164 :: 		
0x07FE	0x2101    MOVS	R1, #1
0x0800	0xB249    SXTB	R1, R1
0x0802	0x483B    LDR	R0, [PC, #236]
0x0804	0x6001    STR	R1, [R0, #0]
;__Lib_Lcd.c, 165 :: 		
0x0806	0xF7FFFD33  BL	_Delay_1us+0
;__Lib_Lcd.c, 166 :: 		
0x080A	0x2100    MOVS	R1, #0
0x080C	0xB249    SXTB	R1, R1
0x080E	0x4A38    LDR	R2, [PC, #224]
0x0810	0x6011    STR	R1, [R2, #0]
;__Lib_Lcd.c, 168 :: 		
0x0812	0x483B    LDR	R0, [PC, #236]
0x0814	0x6001    STR	R1, [R0, #0]
;__Lib_Lcd.c, 169 :: 		
0x0816	0x2101    MOVS	R1, #1
0x0818	0xB249    SXTB	R1, R1
0x081A	0x4837    LDR	R0, [PC, #220]
0x081C	0x6001    STR	R1, [R0, #0]
;__Lib_Lcd.c, 170 :: 		
0x081E	0x6011    STR	R1, [R2, #0]
;__Lib_Lcd.c, 171 :: 		
0x0820	0xF7FFFD26  BL	_Delay_1us+0
;__Lib_Lcd.c, 172 :: 		
0x0824	0x2100    MOVS	R1, #0
0x0826	0xB249    SXTB	R1, R1
0x0828	0x4831    LDR	R0, [PC, #196]
0x082A	0x6001    STR	R1, [R0, #0]
;__Lib_Lcd.c, 173 :: 		
0x082C	0xF7FFFD00  BL	_Delay_5500us+0
;__Lib_Lcd.c, 176 :: 		
0x0830	0x2100    MOVS	R1, #0
0x0832	0xB249    SXTB	R1, R1
0x0834	0x4830    LDR	R0, [PC, #192]
0x0836	0x6001    STR	R1, [R0, #0]
;__Lib_Lcd.c, 177 :: 		
0x0838	0x2101    MOVS	R1, #1
0x083A	0xB249    SXTB	R1, R1
0x083C	0x4831    LDR	R0, [PC, #196]
0x083E	0x6001    STR	R1, [R0, #0]
;__Lib_Lcd.c, 178 :: 		
0x0840	0x482B    LDR	R0, [PC, #172]
0x0842	0x6001    STR	R1, [R0, #0]
;__Lib_Lcd.c, 179 :: 		
0x0844	0xF7FFFD14  BL	_Delay_1us+0
;__Lib_Lcd.c, 180 :: 		
0x0848	0x2200    MOVS	R2, #0
0x084A	0xB252    SXTB	R2, R2
0x084C	0x4928    LDR	R1, [PC, #160]
0x084E	0x600A    STR	R2, [R1, #0]
;__Lib_Lcd.c, 182 :: 		
0x0850	0x482C    LDR	R0, [PC, #176]
0x0852	0x6002    STR	R2, [R0, #0]
;__Lib_Lcd.c, 183 :: 		
0x0854	0x2001    MOVS	R0, #1
0x0856	0xB240    SXTB	R0, R0
0x0858	0x6008    STR	R0, [R1, #0]
;__Lib_Lcd.c, 184 :: 		
0x085A	0xF7FFFD09  BL	_Delay_1us+0
;__Lib_Lcd.c, 185 :: 		
0x085E	0x2100    MOVS	R1, #0
0x0860	0xB249    SXTB	R1, R1
0x0862	0x4823    LDR	R0, [PC, #140]
0x0864	0x6001    STR	R1, [R0, #0]
;__Lib_Lcd.c, 186 :: 		
0x0866	0xF7FFFCE3  BL	_Delay_5500us+0
;__Lib_Lcd.c, 189 :: 		
0x086A	0x2101    MOVS	R1, #1
0x086C	0xB249    SXTB	R1, R1
0x086E	0x4820    LDR	R0, [PC, #128]
0x0870	0x6001    STR	R1, [R0, #0]
;__Lib_Lcd.c, 190 :: 		
0x0872	0xF7FFFCFD  BL	_Delay_1us+0
;__Lib_Lcd.c, 191 :: 		
0x0876	0x2000    MOVS	R0, #0
0x0878	0xB240    SXTB	R0, R0
0x087A	0x4A1D    LDR	R2, [PC, #116]
0x087C	0x6010    STR	R0, [R2, #0]
;__Lib_Lcd.c, 193 :: 		
0x087E	0x2101    MOVS	R1, #1
0x0880	0xB249    SXTB	R1, R1
0x0882	0x4820    LDR	R0, [PC, #128]
0x0884	0x6001    STR	R1, [R0, #0]
;__Lib_Lcd.c, 194 :: 		
0x0886	0x6011    STR	R1, [R2, #0]
;__Lib_Lcd.c, 195 :: 		
0x0888	0xF7FFFCF2  BL	_Delay_1us+0
;__Lib_Lcd.c, 196 :: 		
0x088C	0x2100    MOVS	R1, #0
0x088E	0xB249    SXTB	R1, R1
0x0890	0x4817    LDR	R0, [PC, #92]
0x0892	0x6001    STR	R1, [R0, #0]
;__Lib_Lcd.c, 197 :: 		
0x0894	0xF7FFFCCC  BL	_Delay_5500us+0
;__Lib_Lcd.c, 200 :: 		
0x0898	0x2100    MOVS	R1, #0
0x089A	0xB249    SXTB	R1, R1
0x089C	0x4819    LDR	R0, [PC, #100]
0x089E	0x6001    STR	R1, [R0, #0]
;__Lib_Lcd.c, 201 :: 		
0x08A0	0x2101    MOVS	R1, #1
0x08A2	0xB249    SXTB	R1, R1
0x08A4	0x4812    LDR	R0, [PC, #72]
0x08A6	0x6001    STR	R1, [R0, #0]
;__Lib_Lcd.c, 202 :: 		
0x08A8	0xF7FFFCE2  BL	_Delay_1us+0
;__Lib_Lcd.c, 203 :: 		
0x08AC	0x2000    MOVS	R0, #0
0x08AE	0xB240    SXTB	R0, R0
0x08B0	0x4A0F    LDR	R2, [PC, #60]
0x08B2	0x6010    STR	R0, [R2, #0]
;__Lib_Lcd.c, 205 :: 		
0x08B4	0x2101    MOVS	R1, #1
0x08B6	0xB249    SXTB	R1, R1
0x08B8	0x480F    LDR	R0, [PC, #60]
0x08BA	0x6001    STR	R1, [R0, #0]
;__Lib_Lcd.c, 206 :: 		
0x08BC	0x480F    LDR	R0, [PC, #60]
0x08BE	0x6001    STR	R1, [R0, #0]
;__Lib_Lcd.c, 207 :: 		
0x08C0	0x480F    LDR	R0, [PC, #60]
0x08C2	0x6001    STR	R1, [R0, #0]
;__Lib_Lcd.c, 208 :: 		
0x08C4	0x480F    LDR	R0, [PC, #60]
0x08C6	0x6001    STR	R1, [R0, #0]
;__Lib_Lcd.c, 209 :: 		
0x08C8	0x6011    STR	R1, [R2, #0]
;__Lib_Lcd.c, 210 :: 		
0x08CA	0xF7FFFCD1  BL	_Delay_1us+0
;__Lib_Lcd.c, 211 :: 		
0x08CE	0x2100    MOVS	R1, #0
0x08D0	0xB249    SXTB	R1, R1
0x08D2	0x4807    LDR	R0, [PC, #28]
0x08D4	0x6001    STR	R1, [R0, #0]
;__Lib_Lcd.c, 213 :: 		
0x08D6	0xF7FFFCAB  BL	_Delay_5500us+0
;__Lib_Lcd.c, 215 :: 		
0x08DA	0x2101    MOVS	R1, #1
0x08DC	0xB249    SXTB	R1, R1
0x08DE	0x480A    LDR	R0, [PC, #40]
0x08E0	0x6001    STR	R1, [R0, #0]
;__Lib_Lcd.c, 216 :: 		
L_end_Lcd_Init:
0x08E2	0xF8DDE000  LDR	LR, [SP, #0]
0x08E6	0xB001    ADD	SP, SP, #4
0x08E8	0x4770    BX	LR
0x08EA	0xBF00    NOP
0x08EC	0x00140008  	#524308
0x08F0	0x82B04242  	LCD_EN+0
0x08F4	0x82AC4242  	LCD_RS+0
0x08F8	0x829C4242  	LCD_D7+0
0x08FC	0x82984242  	LCD_D6+0
0x0900	0x82944242  	LCD_D5+0
0x0904	0x82904242  	LCD_D4+0
0x0908	0x05002200  	__Lib_Lcd_cmd_status+0
; end of _Lcd_Init
_GPIO_Config:
;__Lib_GPIO_32F4xx.c, 74 :: 		
0x028C	0xB084    SUB	SP, SP, #16
0x028E	0xF8CDE000  STR	LR, [SP, #0]
0x0292	0xB28D    UXTH	R5, R1
0x0294	0x4616    MOV	R6, R2
;__Lib_GPIO_32F4xx.c, 75 :: 		
;__Lib_GPIO_32F4xx.c, 76 :: 		
;__Lib_GPIO_32F4xx.c, 80 :: 		
0x0296	0x4B86    LDR	R3, [PC, #536]
0x0298	0xEA000303  AND	R3, R0, R3, LSL #0
0x029C	0x461F    MOV	R7, R3
;__Lib_GPIO_32F4xx.c, 82 :: 		
0x029E	0x4618    MOV	R0, R3
0x02A0	0xF7FFFF72  BL	_GPIO_Clk_Enable+0
;__Lib_GPIO_32F4xx.c, 85 :: 		
0x02A4	0xF1B50FFF  CMP	R5, #255
0x02A8	0xD120    BNE	L_GPIO_Config22
;__Lib_GPIO_32F4xx.c, 86 :: 		
0x02AA	0x683C    LDR	R4, [R7, #0]
;__Lib_GPIO_32F4xx.c, 87 :: 		
0x02AC	0x4B81    LDR	R3, [PC, #516]
0x02AE	0xEA040303  AND	R3, R4, R3, LSL #0
0x02B2	0x4618    MOV	R0, R3
;__Lib_GPIO_32F4xx.c, 88 :: 		
0x02B4	0x4B80    LDR	R3, [PC, #512]
0x02B6	0x429E    CMP	R6, R3
0x02B8	0xD114    BNE	L_GPIO_Config23
;__Lib_GPIO_32F4xx.c, 89 :: 		
0x02BA	0xF2455355  MOVW	R3, #21845
0x02BE	0xEA400303  ORR	R3, R0, R3, LSL #0
;__Lib_GPIO_32F4xx.c, 90 :: 		
0x02C2	0x603B    STR	R3, [R7, #0]
;__Lib_GPIO_32F4xx.c, 91 :: 		
0x02C4	0x1D3D    ADDS	R5, R7, #4
0x02C6	0x682C    LDR	R4, [R5, #0]
0x02C8	0xF06F03FF  MVN	R3, #255
0x02CC	0xEA040303  AND	R3, R4, R3, LSL #0
0x02D0	0x602B    STR	R3, [R5, #0]
;__Lib_GPIO_32F4xx.c, 92 :: 		
0x02D2	0xF2070508  ADDW	R5, R7, #8
0x02D6	0x682C    LDR	R4, [R5, #0]
0x02D8	0xF64F73FF  MOVW	R3, #65535
0x02DC	0xEA440303  ORR	R3, R4, R3, LSL #0
0x02E0	0x602B    STR	R3, [R5, #0]
;__Lib_GPIO_32F4xx.c, 93 :: 		
0x02E2	0xE0E1    B	L_end_GPIO_Config
;__Lib_GPIO_32F4xx.c, 94 :: 		
L_GPIO_Config23:
;__Lib_GPIO_32F4xx.c, 95 :: 		
0x02E4	0x2E42    CMP	R6, #66
0x02E6	0xD101    BNE	L_GPIO_Config24
;__Lib_GPIO_32F4xx.c, 96 :: 		
0x02E8	0x6038    STR	R0, [R7, #0]
;__Lib_GPIO_32F4xx.c, 97 :: 		
0x02EA	0xE0DD    B	L_end_GPIO_Config
;__Lib_GPIO_32F4xx.c, 98 :: 		
L_GPIO_Config24:
;__Lib_GPIO_32F4xx.c, 99 :: 		
L_GPIO_Config22:
;__Lib_GPIO_32F4xx.c, 101 :: 		
0x02EC	0x4B73    LDR	R3, [PC, #460]
0x02EE	0x429D    CMP	R5, R3
0x02F0	0xD113    BNE	L_GPIO_Config25
;__Lib_GPIO_32F4xx.c, 102 :: 		
0x02F2	0x4B71    LDR	R3, [PC, #452]
0x02F4	0x429E    CMP	R6, R3
0x02F6	0xD10B    BNE	L_GPIO_Config26
;__Lib_GPIO_32F4xx.c, 103 :: 		
0x02F8	0xF04F3355  MOV	R3, #1431655765
0x02FC	0x603B    STR	R3, [R7, #0]
;__Lib_GPIO_32F4xx.c, 104 :: 		
0x02FE	0x1D3C    ADDS	R4, R7, #4
0x0300	0x2300    MOVS	R3, #0
0x0302	0x6023    STR	R3, [R4, #0]
;__Lib_GPIO_32F4xx.c, 105 :: 		
0x0304	0xF2070408  ADDW	R4, R7, #8
0x0308	0xF04F33FF  MOV	R3, #-1
0x030C	0x6023    STR	R3, [R4, #0]
;__Lib_GPIO_32F4xx.c, 106 :: 		
0x030E	0xE0CB    B	L_end_GPIO_Config
;__Lib_GPIO_32F4xx.c, 107 :: 		
L_GPIO_Config26:
;__Lib_GPIO_32F4xx.c, 108 :: 		
0x0310	0x2E42    CMP	R6, #66
0x0312	0xD102    BNE	L_GPIO_Config27
;__Lib_GPIO_32F4xx.c, 109 :: 		
0x0314	0x2300    MOVS	R3, #0
0x0316	0x603B    STR	R3, [R7, #0]
;__Lib_GPIO_32F4xx.c, 110 :: 		
0x0318	0xE0C6    B	L_end_GPIO_Config
;__Lib_GPIO_32F4xx.c, 111 :: 		
L_GPIO_Config27:
;__Lib_GPIO_32F4xx.c, 112 :: 		
L_GPIO_Config25:
;__Lib_GPIO_32F4xx.c, 114 :: 		
0x031A	0xF0060301  AND	R3, R6, #1
0x031E	0xB10B    CBZ	R3, L_GPIO_Config28
;__Lib_GPIO_32F4xx.c, 115 :: 		
0x0320	0x2003    MOVS	R0, #3
0x0322	0xE00A    B	L_GPIO_Config29
L_GPIO_Config28:
;__Lib_GPIO_32F4xx.c, 116 :: 		
0x0324	0xF0060308  AND	R3, R6, #8
0x0328	0xB10B    CBZ	R3, L_GPIO_Config30
;__Lib_GPIO_32F4xx.c, 117 :: 		
0x032A	0x2002    MOVS	R0, #2
0x032C	0xE005    B	L_GPIO_Config31
L_GPIO_Config30:
;__Lib_GPIO_32F4xx.c, 118 :: 		
0x032E	0xF0060304  AND	R3, R6, #4
0x0332	0xB10B    CBZ	R3, L_GPIO_Config32
;__Lib_GPIO_32F4xx.c, 119 :: 		
0x0334	0x2001    MOVS	R0, #1
0x0336	0xE000    B	L_GPIO_Config33
L_GPIO_Config32:
;__Lib_GPIO_32F4xx.c, 121 :: 		
0x0338	0x2000    MOVS	R0, #0
L_GPIO_Config33:
L_GPIO_Config31:
L_GPIO_Config29:
;__Lib_GPIO_32F4xx.c, 123 :: 		
0x033A	0x4B61    LDR	R3, [PC, #388]
0x033C	0xEA060303  AND	R3, R6, R3, LSL #0
0x0340	0xB10B    CBZ	R3, L_GPIO_Config34
;__Lib_GPIO_32F4xx.c, 124 :: 		
0x0342	0x2103    MOVS	R1, #3
0x0344	0xE00A    B	L_GPIO_Config35
L_GPIO_Config34:
;__Lib_GPIO_32F4xx.c, 125 :: 		
0x0346	0xF4066380  AND	R3, R6, #1024
0x034A	0xB10B    CBZ	R3, L_GPIO_Config36
;__Lib_GPIO_32F4xx.c, 126 :: 		
0x034C	0x2102    MOVS	R1, #2
0x034E	0xE005    B	L_GPIO_Config37
L_GPIO_Config36:
;__Lib_GPIO_32F4xx.c, 127 :: 		
0x0350	0xF4067300  AND	R3, R6, #512
0x0354	0xB10B    CBZ	R3, L_GPIO_Config38
;__Lib_GPIO_32F4xx.c, 128 :: 		
0x0356	0x2101    MOVS	R1, #1
0x0358	0xE000    B	L_GPIO_Config39
L_GPIO_Config38:
;__Lib_GPIO_32F4xx.c, 130 :: 		
0x035A	0x2100    MOVS	R1, #0
L_GPIO_Config39:
L_GPIO_Config37:
L_GPIO_Config35:
;__Lib_GPIO_32F4xx.c, 132 :: 		
0x035C	0xF0060320  AND	R3, R6, #32
0x0360	0xB10B    CBZ	R3, L_GPIO_Config40
;__Lib_GPIO_32F4xx.c, 133 :: 		
0x0362	0x2201    MOVS	R2, #1
0x0364	0xE000    B	L_GPIO_Config41
L_GPIO_Config40:
;__Lib_GPIO_32F4xx.c, 135 :: 		
0x0366	0x2200    MOVS	R2, #0
L_GPIO_Config41:
;__Lib_GPIO_32F4xx.c, 137 :: 		
0x0368	0xF4067380  AND	R3, R6, #256
0x036C	0xB10B    CBZ	R3, L_GPIO_Config42
;__Lib_GPIO_32F4xx.c, 138 :: 		
0x036E	0x2302    MOVS	R3, #2
0x0370	0xE005    B	L_GPIO_Config43
L_GPIO_Config42:
;__Lib_GPIO_32F4xx.c, 139 :: 		
0x0372	0xF0060380  AND	R3, R6, #128
0x0376	0xB10B    CBZ	R3, L_GPIO_Config44
;__Lib_GPIO_32F4xx.c, 140 :: 		
0x0378	0x2301    MOVS	R3, #1
0x037A	0xE000    B	L_GPIO_Config45
L_GPIO_Config44:
;__Lib_GPIO_32F4xx.c, 142 :: 		
0x037C	0x2300    MOVS	R3, #0
L_GPIO_Config45:
L_GPIO_Config43:
;__Lib_GPIO_32F4xx.c, 146 :: 		
0x037E	0xF2400A00  MOVW	R10, #0
0x0382	0x9201    STR	R2, [SP, #4]
0x0384	0xFA1FF985  UXTH	R9, R5
0x0388	0x46B0    MOV	R8, R6
0x038A	0x4606    MOV	R6, R0
0x038C	0x4618    MOV	R0, R3
0x038E	0x460A    MOV	R2, R1
0x0390	0x9901    LDR	R1, [SP, #4]
L_GPIO_Config46:
0x0392	0xF1BA0F10  CMP	R10, #16
0x0396	0xF0808087  BCS	L_GPIO_Config47
;__Lib_GPIO_32F4xx.c, 148 :: 		
0x039A	0xF04F0301  MOV	R3, #1
0x039E	0xFA03F40A  LSL	R4, R3, R10
;__Lib_GPIO_32F4xx.c, 150 :: 		
0x03A2	0xEA090304  AND	R3, R9, R4, LSL #0
;__Lib_GPIO_32F4xx.c, 152 :: 		
0x03A6	0x42A3    CMP	R3, R4
0x03A8	0xF040807B  BNE	L_GPIO_Config49
;__Lib_GPIO_32F4xx.c, 154 :: 		
0x03AC	0xEA4F044A  LSL	R4, R10, #1
0x03B0	0xF04F0303  MOV	R3, #3
0x03B4	0x40A3    LSLS	R3, R4
0x03B6	0x43DC    MVN	R4, R3
0x03B8	0x683B    LDR	R3, [R7, #0]
0x03BA	0x4023    ANDS	R3, R4
0x03BC	0x603B    STR	R3, [R7, #0]
;__Lib_GPIO_32F4xx.c, 155 :: 		
0x03BE	0xEA4F034A  LSL	R3, R10, #1
0x03C2	0xFA06F403  LSL	R4, R6, R3
0x03C6	0x683B    LDR	R3, [R7, #0]
0x03C8	0x4323    ORRS	R3, R4
0x03CA	0x603B    STR	R3, [R7, #0]
;__Lib_GPIO_32F4xx.c, 157 :: 		
0x03CC	0xF008030C  AND	R3, R8, #12
0x03D0	0xB33B    CBZ	R3, L_GPIO_Config50
;__Lib_GPIO_32F4xx.c, 160 :: 		
0x03D2	0xF2070508  ADDW	R5, R7, #8
0x03D6	0xEA4F044A  LSL	R4, R10, #1
0x03DA	0xF04F0303  MOV	R3, #3
0x03DE	0x40A3    LSLS	R3, R4
0x03E0	0x43DC    MVN	R4, R3
0x03E2	0x682B    LDR	R3, [R5, #0]
0x03E4	0x4023    ANDS	R3, R4
0x03E6	0x602B    STR	R3, [R5, #0]
;__Lib_GPIO_32F4xx.c, 161 :: 		
0x03E8	0xF2070508  ADDW	R5, R7, #8
0x03EC	0xEA4F034A  LSL	R3, R10, #1
0x03F0	0xFA02F403  LSL	R4, R2, R3
0x03F4	0x682B    LDR	R3, [R5, #0]
0x03F6	0x4323    ORRS	R3, R4
0x03F8	0x602B    STR	R3, [R5, #0]
;__Lib_GPIO_32F4xx.c, 164 :: 		
0x03FA	0x1D3D    ADDS	R5, R7, #4
0x03FC	0xFA1FF48A  UXTH	R4, R10
0x0400	0xF04F0301  MOV	R3, #1
0x0404	0x40A3    LSLS	R3, R4
0x0406	0x43DC    MVN	R4, R3
0x0408	0x682B    LDR	R3, [R5, #0]
0x040A	0x4023    ANDS	R3, R4
0x040C	0x602B    STR	R3, [R5, #0]
;__Lib_GPIO_32F4xx.c, 165 :: 		
0x040E	0x1D3D    ADDS	R5, R7, #4
0x0410	0xFA1FF48A  UXTH	R4, R10
0x0414	0xB28B    UXTH	R3, R1
0x0416	0xFA03F404  LSL	R4, R3, R4
0x041A	0xB2A4    UXTH	R4, R4
0x041C	0x682B    LDR	R3, [R5, #0]
0x041E	0x4323    ORRS	R3, R4
0x0420	0x602B    STR	R3, [R5, #0]
;__Lib_GPIO_32F4xx.c, 166 :: 		
L_GPIO_Config50:
;__Lib_GPIO_32F4xx.c, 169 :: 		
0x0422	0xF207050C  ADDW	R5, R7, #12
0x0426	0xFA1FF38A  UXTH	R3, R10
0x042A	0x005C    LSLS	R4, R3, #1
0x042C	0xB2A4    UXTH	R4, R4
0x042E	0xF04F0303  MOV	R3, #3
0x0432	0x40A3    LSLS	R3, R4
0x0434	0x43DC    MVN	R4, R3
0x0436	0x682B    LDR	R3, [R5, #0]
0x0438	0x4023    ANDS	R3, R4
0x043A	0x602B    STR	R3, [R5, #0]
;__Lib_GPIO_32F4xx.c, 170 :: 		
0x043C	0xF207050C  ADDW	R5, R7, #12
0x0440	0xEA4F034A  LSL	R3, R10, #1
0x0444	0xFA00F403  LSL	R4, R0, R3
0x0448	0x682B    LDR	R3, [R5, #0]
0x044A	0x4323    ORRS	R3, R4
0x044C	0x602B    STR	R3, [R5, #0]
;__Lib_GPIO_32F4xx.c, 172 :: 		
0x044E	0xF0080308  AND	R3, R8, #8
0x0452	0xB333    CBZ	R3, L_GPIO_Config51
;__Lib_GPIO_32F4xx.c, 173 :: 		
0x0454	0xF4080370  AND	R3, R8, #15728640
0x0458	0x0D1B    LSRS	R3, R3, #20
0x045A	0xF88D300C  STRB	R3, [SP, #12]
;__Lib_GPIO_32F4xx.c, 174 :: 		
0x045E	0xF1BA0F07  CMP	R10, #7
0x0462	0xD905    BLS	L_GPIO_Config52
;__Lib_GPIO_32F4xx.c, 175 :: 		
0x0464	0xF2070324  ADDW	R3, R7, #36
0x0468	0x9302    STR	R3, [SP, #8]
;__Lib_GPIO_32F4xx.c, 176 :: 		
0x046A	0xF1AA0508  SUB	R5, R10, #8
;__Lib_GPIO_32F4xx.c, 177 :: 		
0x046E	0xE003    B	L_GPIO_Config53
L_GPIO_Config52:
;__Lib_GPIO_32F4xx.c, 178 :: 		
0x0470	0xF2070320  ADDW	R3, R7, #32
0x0474	0x9302    STR	R3, [SP, #8]
;__Lib_GPIO_32F4xx.c, 179 :: 		
0x0476	0x4655    MOV	R5, R10
;__Lib_GPIO_32F4xx.c, 180 :: 		
L_GPIO_Config53:
;__Lib_GPIO_32F4xx.c, 181 :: 		
0x0478	0x00AC    LSLS	R4, R5, #2
0x047A	0xF04F030F  MOV	R3, #15
0x047E	0x40A3    LSLS	R3, R4
0x0480	0x43DC    MVN	R4, R3
0x0482	0x9B02    LDR	R3, [SP, #8]
0x0484	0x681B    LDR	R3, [R3, #0]
0x0486	0xEA030404  AND	R4, R3, R4, LSL #0
0x048A	0x9B02    LDR	R3, [SP, #8]
0x048C	0x601C    STR	R4, [R3, #0]
;__Lib_GPIO_32F4xx.c, 182 :: 		
0x048E	0xF89D400C  LDRB	R4, [SP, #12]
0x0492	0x00AB    LSLS	R3, R5, #2
0x0494	0x409C    LSLS	R4, R3
0x0496	0x9B02    LDR	R3, [SP, #8]
0x0498	0x681B    LDR	R3, [R3, #0]
0x049A	0xEA430404  ORR	R4, R3, R4, LSL #0
0x049E	0x9B02    LDR	R3, [SP, #8]
0x04A0	0x601C    STR	R4, [R3, #0]
;__Lib_GPIO_32F4xx.c, 183 :: 		
L_GPIO_Config51:
;__Lib_GPIO_32F4xx.c, 185 :: 		
L_GPIO_Config49:
;__Lib_GPIO_32F4xx.c, 146 :: 		
0x04A2	0xF10A0A01  ADD	R10, R10, #1
;__Lib_GPIO_32F4xx.c, 186 :: 		
0x04A6	0xE774    B	L_GPIO_Config46
L_GPIO_Config47:
;__Lib_GPIO_32F4xx.c, 187 :: 		
L_end_GPIO_Config:
0x04A8	0xF8DDE000  LDR	LR, [SP, #0]
0x04AC	0xB004    ADD	SP, SP, #16
0x04AE	0x4770    BX	LR
0x04B0	0xFC00FFFF  	#-1024
0x04B4	0x0000FFFF  	#-65536
0x04B8	0x00140008  	#524308
0x04BC	0xFFFF0000  	#65535
0x04C0	0x08000008  	#526336
; end of _GPIO_Config
_GPIO_Clk_Enable:
;__Lib_GPIO_32F4xx.c, 26 :: 		
0x0188	0xB081    SUB	SP, SP, #4
;__Lib_GPIO_32F4xx.c, 28 :: 		
0x018A	0x491E    LDR	R1, [PC, #120]
0x018C	0xEA000101  AND	R1, R0, R1, LSL #0
0x0190	0x4608    MOV	R0, R1
;__Lib_GPIO_32F4xx.c, 29 :: 		
0x0192	0x2200    MOVS	R2, #0
;__Lib_GPIO_32F4xx.c, 30 :: 		
0x0194	0xE012    B	L_GPIO_Clk_Enable0
;__Lib_GPIO_32F4xx.c, 31 :: 		
L_GPIO_Clk_Enable2:
0x0196	0x2001    MOVS	R0, #1
0x0198	0xE02C    B	L_GPIO_Clk_Enable1
;__Lib_GPIO_32F4xx.c, 32 :: 		
L_GPIO_Clk_Enable3:
0x019A	0x2002    MOVS	R0, #2
0x019C	0xE02A    B	L_GPIO_Clk_Enable1
;__Lib_GPIO_32F4xx.c, 33 :: 		
L_GPIO_Clk_Enable4:
0x019E	0x2004    MOVS	R0, #4
0x01A0	0xE028    B	L_GPIO_Clk_Enable1
;__Lib_GPIO_32F4xx.c, 34 :: 		
L_GPIO_Clk_Enable5:
0x01A2	0x2008    MOVS	R0, #8
0x01A4	0xE026    B	L_GPIO_Clk_Enable1
;__Lib_GPIO_32F4xx.c, 35 :: 		
L_GPIO_Clk_Enable6:
0x01A6	0x2010    MOVS	R0, #16
0x01A8	0xE024    B	L_GPIO_Clk_Enable1
;__Lib_GPIO_32F4xx.c, 36 :: 		
L_GPIO_Clk_Enable7:
0x01AA	0x2020    MOVS	R0, #32
0x01AC	0xE022    B	L_GPIO_Clk_Enable1
;__Lib_GPIO_32F4xx.c, 37 :: 		
L_GPIO_Clk_Enable8:
0x01AE	0x2040    MOVS	R0, #64
0x01B0	0xE020    B	L_GPIO_Clk_Enable1
;__Lib_GPIO_32F4xx.c, 38 :: 		
L_GPIO_Clk_Enable9:
0x01B2	0x2080    MOVS	R0, #128
0x01B4	0xE01E    B	L_GPIO_Clk_Enable1
;__Lib_GPIO_32F4xx.c, 39 :: 		
L_GPIO_Clk_Enable10:
0x01B6	0xF2401000  MOVW	R0, #256
0x01BA	0xE01B    B	L_GPIO_Clk_Enable1
;__Lib_GPIO_32F4xx.c, 40 :: 		
L_GPIO_Clk_Enable0:
0x01BC	0x4912    LDR	R1, [PC, #72]
0x01BE	0x4288    CMP	R0, R1
0x01C0	0xD0E9    BEQ	L_GPIO_Clk_Enable2
0x01C2	0x4912    LDR	R1, [PC, #72]
0x01C4	0x4288    CMP	R0, R1
0x01C6	0xD0E8    BEQ	L_GPIO_Clk_Enable3
0x01C8	0x4911    LDR	R1, [PC, #68]
0x01CA	0x4288    CMP	R0, R1
0x01CC	0xD0E7    BEQ	L_GPIO_Clk_Enable4
0x01CE	0x4911    LDR	R1, [PC, #68]
0x01D0	0x4288    CMP	R0, R1
0x01D2	0xD0E6    BEQ	L_GPIO_Clk_Enable5
0x01D4	0x4910    LDR	R1, [PC, #64]
0x01D6	0x4288    CMP	R0, R1
0x01D8	0xD0E5    BEQ	L_GPIO_Clk_Enable6
0x01DA	0x4910    LDR	R1, [PC, #64]
0x01DC	0x4288    CMP	R0, R1
0x01DE	0xD0E4    BEQ	L_GPIO_Clk_Enable7
0x01E0	0x490F    LDR	R1, [PC, #60]
0x01E2	0x4288    CMP	R0, R1
0x01E4	0xD0E3    BEQ	L_GPIO_Clk_Enable8
0x01E6	0x490F    LDR	R1, [PC, #60]
0x01E8	0x4288    CMP	R0, R1
0x01EA	0xD0E2    BEQ	L_GPIO_Clk_Enable9
0x01EC	0x490E    LDR	R1, [PC, #56]
0x01EE	0x4288    CMP	R0, R1
0x01F0	0xD0E1    BEQ	L_GPIO_Clk_Enable10
0x01F2	0x4610    MOV	R0, R2
L_GPIO_Clk_Enable1:
;__Lib_GPIO_32F4xx.c, 42 :: 		
0x01F4	0x490D    LDR	R1, [PC, #52]
0x01F6	0x6809    LDR	R1, [R1, #0]
0x01F8	0xEA410200  ORR	R2, R1, R0, LSL #0
0x01FC	0x490B    LDR	R1, [PC, #44]
0x01FE	0x600A    STR	R2, [R1, #0]
;__Lib_GPIO_32F4xx.c, 43 :: 		
L_end_GPIO_Clk_Enable:
0x0200	0xB001    ADD	SP, SP, #4
0x0202	0x4770    BX	LR
0x0204	0xFC00FFFF  	#-1024
0x0208	0x00004002  	#1073872896
0x020C	0x04004002  	#1073873920
0x0210	0x08004002  	#1073874944
0x0214	0x0C004002  	#1073875968
0x0218	0x10004002  	#1073876992
0x021C	0x14004002  	#1073878016
0x0220	0x18004002  	#1073879040
0x0224	0x1C004002  	#1073880064
0x0228	0x20004002  	#1073881088
0x022C	0x38304002  	RCC_AHB1ENR+0
; end of _GPIO_Clk_Enable
_Delay_5500us:
;__lib_delays.c, 73 :: 		void Delay_5500us() {
0x0230	0xB081    SUB	SP, SP, #4
;__lib_delays.c, 74 :: 		Delay_us(5500);
0x0232	0xF24B371E  MOVW	R7, #45854
0x0236	0xF2C00704  MOVT	R7, #4
L_Delay_5500us30:
0x023A	0x1E7F    SUBS	R7, R7, #1
0x023C	0xD1FD    BNE	L_Delay_5500us30
0x023E	0xBF00    NOP
0x0240	0xBF00    NOP
0x0242	0xBF00    NOP
0x0244	0xBF00    NOP
0x0246	0xBF00    NOP
;__lib_delays.c, 75 :: 		}
L_end_Delay_5500us:
0x0248	0xB001    ADD	SP, SP, #4
0x024A	0x4770    BX	LR
; end of _Delay_5500us
_Delay_1us:
;__lib_delays.c, 13 :: 		void Delay_1us() {
0x0270	0xB081    SUB	SP, SP, #4
;__lib_delays.c, 14 :: 		Delay_us(1);
0x0272	0xF2400736  MOVW	R7, #54
0x0276	0xF2C00700  MOVT	R7, #0
L_Delay_1us0:
0x027A	0x1E7F    SUBS	R7, R7, #1
0x027C	0xD1FD    BNE	L_Delay_1us0
0x027E	0xBF00    NOP
0x0280	0xBF00    NOP
0x0282	0xBF00    NOP
0x0284	0xBF00    NOP
0x0286	0xBF00    NOP
;__lib_delays.c, 15 :: 		}
L_end_Delay_1us:
0x0288	0xB001    ADD	SP, SP, #4
0x028A	0x4770    BX	LR
; end of _Delay_1us
_Lcd_Cmd:
;__Lib_Lcd.c, 11 :: 		
0x0618	0xB081    SUB	SP, SP, #4
0x061A	0xF8CDE000  STR	LR, [SP, #0]
;__Lib_Lcd.c, 13 :: 		
0x061E	0xF3C012C0  UBFX	R2, R0, #7, #1
0x0622	0x4924    LDR	R1, [PC, #144]
0x0624	0x600A    STR	R2, [R1, #0]
;__Lib_Lcd.c, 14 :: 		
0x0626	0xF3C01280  UBFX	R2, R0, #6, #1
0x062A	0x4923    LDR	R1, [PC, #140]
0x062C	0x600A    STR	R2, [R1, #0]
;__Lib_Lcd.c, 15 :: 		
0x062E	0xF3C01240  UBFX	R2, R0, #5, #1
0x0632	0x4922    LDR	R1, [PC, #136]
0x0634	0x600A    STR	R2, [R1, #0]
;__Lib_Lcd.c, 16 :: 		
0x0636	0xF3C01200  UBFX	R2, R0, #4, #1
0x063A	0x4921    LDR	R1, [PC, #132]
0x063C	0x600A    STR	R2, [R1, #0]
;__Lib_Lcd.c, 18 :: 		
0x063E	0x4A21    LDR	R2, [PC, #132]
0x0640	0x6811    LDR	R1, [R2, #0]
0x0642	0xF0810201  EOR	R2, R1, #1
0x0646	0x4920    LDR	R1, [PC, #128]
0x0648	0x600A    STR	R2, [R1, #0]
;__Lib_Lcd.c, 21 :: 		
0x064A	0x2201    MOVS	R2, #1
0x064C	0xB252    SXTB	R2, R2
0x064E	0x491F    LDR	R1, [PC, #124]
0x0650	0x600A    STR	R2, [R1, #0]
;__Lib_Lcd.c, 22 :: 		
0x0652	0xF7FFFE0D  BL	_Delay_1us+0
;__Lib_Lcd.c, 23 :: 		
0x0656	0x2100    MOVS	R1, #0
0x0658	0xB249    SXTB	R1, R1
0x065A	0x4B1C    LDR	R3, [PC, #112]
0x065C	0x6019    STR	R1, [R3, #0]
;__Lib_Lcd.c, 26 :: 		
0x065E	0xF3C002C0  UBFX	R2, R0, #3, #1
0x0662	0x4914    LDR	R1, [PC, #80]
0x0664	0x600A    STR	R2, [R1, #0]
;__Lib_Lcd.c, 27 :: 		
0x0666	0xF3C00280  UBFX	R2, R0, #2, #1
0x066A	0x4913    LDR	R1, [PC, #76]
0x066C	0x600A    STR	R2, [R1, #0]
;__Lib_Lcd.c, 28 :: 		
0x066E	0xF3C00240  UBFX	R2, R0, #1, #1
0x0672	0x4912    LDR	R1, [PC, #72]
0x0674	0x600A    STR	R2, [R1, #0]
;__Lib_Lcd.c, 29 :: 		
0x0676	0xF3C00200  UBFX	R2, R0, #0, #1
0x067A	0x4911    LDR	R1, [PC, #68]
0x067C	0x600A    STR	R2, [R1, #0]
;__Lib_Lcd.c, 31 :: 		
0x067E	0x4A11    LDR	R2, [PC, #68]
0x0680	0x6811    LDR	R1, [R2, #0]
0x0682	0xF0810201  EOR	R2, R1, #1
0x0686	0x4910    LDR	R1, [PC, #64]
0x0688	0x600A    STR	R2, [R1, #0]
;__Lib_Lcd.c, 33 :: 		
0x068A	0x2101    MOVS	R1, #1
0x068C	0xB249    SXTB	R1, R1
0x068E	0x6019    STR	R1, [R3, #0]
;__Lib_Lcd.c, 34 :: 		
0x0690	0xF7FFFDEE  BL	_Delay_1us+0
;__Lib_Lcd.c, 35 :: 		
0x0694	0x2200    MOVS	R2, #0
0x0696	0xB252    SXTB	R2, R2
0x0698	0x490C    LDR	R1, [PC, #48]
0x069A	0x600A    STR	R2, [R1, #0]
;__Lib_Lcd.c, 37 :: 		
0x069C	0x4A09    LDR	R2, [PC, #36]
0x069E	0x6811    LDR	R1, [R2, #0]
0x06A0	0xB111    CBZ	R1, L_Lcd_Cmd0
;__Lib_Lcd.c, 38 :: 		
0x06A2	0xF7FFFDC5  BL	_Delay_5500us+0
0x06A6	0xE001    B	L_Lcd_Cmd1
L_Lcd_Cmd0:
;__Lib_Lcd.c, 40 :: 		
0x06A8	0xF7FFFDD2  BL	_Delay_50us+0
L_Lcd_Cmd1:
;__Lib_Lcd.c, 41 :: 		
L_end_Lcd_Cmd:
0x06AC	0xF8DDE000  LDR	LR, [SP, #0]
0x06B0	0xB001    ADD	SP, SP, #4
0x06B2	0x4770    BX	LR
0x06B4	0x829C4242  	LCD_D7+0
0x06B8	0x82984242  	LCD_D6+0
0x06BC	0x82944242  	LCD_D5+0
0x06C0	0x82904242  	LCD_D4+0
0x06C4	0x05002200  	__Lib_Lcd_cmd_status+0
0x06C8	0x82AC4242  	LCD_RS+0
0x06CC	0x82B04242  	LCD_EN+0
; end of _Lcd_Cmd
_Delay_50us:
;__lib_delays.c, 37 :: 		void Delay_50us() {
0x0250	0xB081    SUB	SP, SP, #4
;__lib_delays.c, 38 :: 		Delay_us(50);
0x0252	0xF64027EE  MOVW	R7, #2798
0x0256	0xF2C00700  MOVT	R7, #0
L_Delay_50us12:
0x025A	0x1E7F    SUBS	R7, R7, #1
0x025C	0xD1FD    BNE	L_Delay_50us12
0x025E	0xBF00    NOP
0x0260	0xBF00    NOP
0x0262	0xBF00    NOP
0x0264	0xBF00    NOP
0x0266	0xBF00    NOP
;__lib_delays.c, 39 :: 		}
L_end_Delay_50us:
0x0268	0xB001    ADD	SP, SP, #4
0x026A	0x4770    BX	LR
; end of _Delay_50us
_Lcd_Out:
;__Lib_Lcd.c, 218 :: 		
0x0554	0xB081    SUB	SP, SP, #4
0x0556	0xF8CDE000  STR	LR, [SP, #0]
0x055A	0x4615    MOV	R5, R2
;__Lib_Lcd.c, 221 :: 		
0x055C	0xE009    B	L_Lcd_Out11
;__Lib_Lcd.c, 222 :: 		
L_Lcd_Out13:
0x055E	0x2080    MOVS	R0, #128
0x0560	0xE010    B	L_Lcd_Out12
;__Lib_Lcd.c, 223 :: 		
L_Lcd_Out14:
0x0562	0x20C0    MOVS	R0, #192
0x0564	0xE00E    B	L_Lcd_Out12
;__Lib_Lcd.c, 224 :: 		
L_Lcd_Out15:
0x0566	0x2094    MOVS	R0, #148
0x0568	0xE00C    B	L_Lcd_Out12
;__Lib_Lcd.c, 225 :: 		
L_Lcd_Out16:
0x056A	0x20D4    MOVS	R0, #212
0x056C	0xE00A    B	L_Lcd_Out12
;__Lib_Lcd.c, 226 :: 		
L_Lcd_Out17:
0x056E	0x2080    MOVS	R0, #128
;__Lib_Lcd.c, 227 :: 		
0x0570	0xE008    B	L_Lcd_Out12
L_Lcd_Out11:
0x0572	0x2801    CMP	R0, #1
0x0574	0xD0F3    BEQ	L_Lcd_Out13
0x0576	0x2802    CMP	R0, #2
0x0578	0xD0F3    BEQ	L_Lcd_Out14
0x057A	0x2803    CMP	R0, #3
0x057C	0xD0F3    BEQ	L_Lcd_Out15
0x057E	0x2804    CMP	R0, #4
0x0580	0xD0F3    BEQ	L_Lcd_Out16
0x0582	0xE7F4    B	L_Lcd_Out17
L_Lcd_Out12:
;__Lib_Lcd.c, 228 :: 		
0x0584	0x1E4B    SUBS	R3, R1, #1
0x0586	0xB21B    SXTH	R3, R3
0x0588	0x18C3    ADDS	R3, R0, R3
;__Lib_Lcd.c, 230 :: 		
0x058A	0xB2D8    UXTB	R0, R3
0x058C	0xF000F844  BL	_Lcd_Cmd+0
;__Lib_Lcd.c, 231 :: 		
0x0590	0x2400    MOVS	R4, #0
0x0592	0xB264    SXTB	R4, R4
0x0594	0x4B0B    LDR	R3, [PC, #44]
0x0596	0x601C    STR	R4, [R3, #0]
;__Lib_Lcd.c, 232 :: 		
0x0598	0x2000    MOVS	R0, #0
0x059A	0x462C    MOV	R4, R5
0x059C	0xB2C5    UXTB	R5, R0
;__Lib_Lcd.c, 233 :: 		
L_Lcd_Out18:
0x059E	0x1963    ADDS	R3, R4, R5
0x05A0	0x781B    LDRB	R3, [R3, #0]
0x05A2	0xB13B    CBZ	R3, L_Lcd_Out19
;__Lib_Lcd.c, 234 :: 		
0x05A4	0x1963    ADDS	R3, R4, R5
0x05A6	0x781B    LDRB	R3, [R3, #0]
0x05A8	0xB2D8    UXTB	R0, R3
0x05AA	0xF7FFFF8B  BL	_Lcd_Chr_CP+0
0x05AE	0x1C6D    ADDS	R5, R5, #1
0x05B0	0xB2ED    UXTB	R5, R5
0x05B2	0xE7F4    B	L_Lcd_Out18
L_Lcd_Out19:
;__Lib_Lcd.c, 235 :: 		
0x05B4	0x2401    MOVS	R4, #1
0x05B6	0xB264    SXTB	R4, R4
0x05B8	0x4B02    LDR	R3, [PC, #8]
0x05BA	0x601C    STR	R4, [R3, #0]
;__Lib_Lcd.c, 236 :: 		
L_end_Lcd_Out:
0x05BC	0xF8DDE000  LDR	LR, [SP, #0]
0x05C0	0xB001    ADD	SP, SP, #4
0x05C2	0x4770    BX	LR
0x05C4	0x05002200  	__Lib_Lcd_cmd_status+0
; end of _Lcd_Out
_Lcd_Chr_CP:
;__Lib_Lcd.c, 43 :: 		
0x04C4	0xB081    SUB	SP, SP, #4
0x04C6	0xF8CDE000  STR	LR, [SP, #0]
;__Lib_Lcd.c, 45 :: 		
0x04CA	0x2200    MOVS	R2, #0
0x04CC	0xB252    SXTB	R2, R2
0x04CE	0x4906    LDR	R1, [PC, #24]
0x04D0	0x600A    STR	R2, [R1, #0]
;__Lib_Lcd.c, 46 :: 		
0x04D2	0xF000F8A1  BL	_Lcd_Cmd+0
;__Lib_Lcd.c, 47 :: 		
0x04D6	0x2201    MOVS	R2, #1
0x04D8	0xB252    SXTB	R2, R2
0x04DA	0x4903    LDR	R1, [PC, #12]
0x04DC	0x600A    STR	R2, [R1, #0]
;__Lib_Lcd.c, 48 :: 		
L_end_Lcd_Chr_CP:
0x04DE	0xF8DDE000  LDR	LR, [SP, #0]
0x04E2	0xB001    ADD	SP, SP, #4
0x04E4	0x4770    BX	LR
0x04E6	0xBF00    NOP
0x04E8	0x05002200  	__Lib_Lcd_cmd_status+0
; end of _Lcd_Chr_CP
_Move_Delay:
;main.c, 38 :: 		void Move_Delay() {                 // Function used for text moving
0x0538	0xB081    SUB	SP, SP, #4
;main.c, 39 :: 		Delay_ms(200);                  // You can change the moving speed here
0x053A	0xF24E57FE  MOVW	R7, #58878
0x053E	0xF2C007AA  MOVT	R7, #170
L_Move_Delay0:
0x0542	0x1E7F    SUBS	R7, R7, #1
0x0544	0xD1FD    BNE	L_Move_Delay0
0x0546	0xBF00    NOP
0x0548	0xBF00    NOP
0x054A	0xBF00    NOP
0x054C	0xBF00    NOP
0x054E	0xBF00    NOP
;main.c, 40 :: 		}
L_end_Move_Delay:
0x0550	0xB001    ADD	SP, SP, #4
0x0552	0x4770    BX	LR
; end of _Move_Delay
__Lib_System_4XX_InitialSetUpRCCRCC2:
;__Lib_System_4XX.c, 465 :: 		
0x0964	0xB082    SUB	SP, SP, #8
0x0966	0xF8CDE000  STR	LR, [SP, #0]
;__Lib_System_4XX.c, 468 :: 		
0x096A	0x4A92    LDR	R2, [PC, #584]
;__Lib_System_4XX.c, 469 :: 		
0x096C	0x4B92    LDR	R3, [PC, #584]
;__Lib_System_4XX.c, 470 :: 		
0x096E	0x4C93    LDR	R4, [PC, #588]
;__Lib_System_4XX.c, 471 :: 		
0x0970	0x4893    LDR	R0, [PC, #588]
;__Lib_System_4XX.c, 472 :: 		
0x0972	0x4994    LDR	R1, [PC, #592]
;__Lib_System_4XX.c, 474 :: 		
0x0974	0x2803    CMP	R0, #3
0x0976	0xF040803C  BNE	L___Lib_System_4XX_InitialSetUpRCCRCC234
;__Lib_System_4XX.c, 475 :: 		
0x097A	0x4893    LDR	R0, [PC, #588]
0x097C	0x4281    CMP	R1, R0
0x097E	0xD906    BLS	L___Lib_System_4XX_InitialSetUpRCCRCC235
;__Lib_System_4XX.c, 476 :: 		
0x0980	0x4892    LDR	R0, [PC, #584]
0x0982	0x6800    LDR	R0, [R0, #0]
0x0984	0xF0400105  ORR	R1, R0, #5
0x0988	0x4890    LDR	R0, [PC, #576]
0x098A	0x6001    STR	R1, [R0, #0]
0x098C	0xE030    B	L___Lib_System_4XX_InitialSetUpRCCRCC236
L___Lib_System_4XX_InitialSetUpRCCRCC235:
;__Lib_System_4XX.c, 477 :: 		
0x098E	0x4890    LDR	R0, [PC, #576]
0x0990	0x4281    CMP	R1, R0
0x0992	0xD906    BLS	L___Lib_System_4XX_InitialSetUpRCCRCC237
;__Lib_System_4XX.c, 478 :: 		
0x0994	0x488D    LDR	R0, [PC, #564]
0x0996	0x6800    LDR	R0, [R0, #0]
0x0998	0xF0400104  ORR	R1, R0, #4
0x099C	0x488B    LDR	R0, [PC, #556]
0x099E	0x6001    STR	R1, [R0, #0]
0x09A0	0xE026    B	L___Lib_System_4XX_InitialSetUpRCCRCC238
L___Lib_System_4XX_InitialSetUpRCCRCC237:
;__Lib_System_4XX.c, 479 :: 		
0x09A2	0x488C    LDR	R0, [PC, #560]
0x09A4	0x4281    CMP	R1, R0
0x09A6	0xD906    BLS	L___Lib_System_4XX_InitialSetUpRCCRCC239
;__Lib_System_4XX.c, 480 :: 		
0x09A8	0x4888    LDR	R0, [PC, #544]
0x09AA	0x6800    LDR	R0, [R0, #0]
0x09AC	0xF0400103  ORR	R1, R0, #3
0x09B0	0x4886    LDR	R0, [PC, #536]
0x09B2	0x6001    STR	R1, [R0, #0]
0x09B4	0xE01C    B	L___Lib_System_4XX_InitialSetUpRCCRCC240
L___Lib_System_4XX_InitialSetUpRCCRCC239:
;__Lib_System_4XX.c, 481 :: 		
0x09B6	0xF64E2060  MOVW	R0, #60000
0x09BA	0x4281    CMP	R1, R0
0x09BC	0xD906    BLS	L___Lib_System_4XX_InitialSetUpRCCRCC241
;__Lib_System_4XX.c, 482 :: 		
0x09BE	0x4883    LDR	R0, [PC, #524]
0x09C0	0x6800    LDR	R0, [R0, #0]
0x09C2	0xF0400102  ORR	R1, R0, #2
0x09C6	0x4881    LDR	R0, [PC, #516]
0x09C8	0x6001    STR	R1, [R0, #0]
0x09CA	0xE011    B	L___Lib_System_4XX_InitialSetUpRCCRCC242
L___Lib_System_4XX_InitialSetUpRCCRCC241:
;__Lib_System_4XX.c, 483 :: 		
0x09CC	0xF2475030  MOVW	R0, #30000
0x09D0	0x4281    CMP	R1, R0
0x09D2	0xD906    BLS	L___Lib_System_4XX_InitialSetUpRCCRCC243
;__Lib_System_4XX.c, 484 :: 		
0x09D4	0x487D    LDR	R0, [PC, #500]
0x09D6	0x6800    LDR	R0, [R0, #0]
0x09D8	0xF0400101  ORR	R1, R0, #1
0x09DC	0x487B    LDR	R0, [PC, #492]
0x09DE	0x6001    STR	R1, [R0, #0]
0x09E0	0xE006    B	L___Lib_System_4XX_InitialSetUpRCCRCC244
L___Lib_System_4XX_InitialSetUpRCCRCC243:
;__Lib_System_4XX.c, 486 :: 		
0x09E2	0x487A    LDR	R0, [PC, #488]
0x09E4	0x6801    LDR	R1, [R0, #0]
0x09E6	0xF06F0007  MVN	R0, #7
0x09EA	0x4001    ANDS	R1, R0
0x09EC	0x4877    LDR	R0, [PC, #476]
0x09EE	0x6001    STR	R1, [R0, #0]
L___Lib_System_4XX_InitialSetUpRCCRCC244:
L___Lib_System_4XX_InitialSetUpRCCRCC242:
L___Lib_System_4XX_InitialSetUpRCCRCC240:
L___Lib_System_4XX_InitialSetUpRCCRCC238:
L___Lib_System_4XX_InitialSetUpRCCRCC236:
;__Lib_System_4XX.c, 487 :: 		
0x09F0	0xE10C    B	L___Lib_System_4XX_InitialSetUpRCCRCC245
L___Lib_System_4XX_InitialSetUpRCCRCC234:
;__Lib_System_4XX.c, 488 :: 		
0x09F2	0x2802    CMP	R0, #2
0x09F4	0xF0408046  BNE	L___Lib_System_4XX_InitialSetUpRCCRCC246
;__Lib_System_4XX.c, 489 :: 		
0x09F8	0x4877    LDR	R0, [PC, #476]
0x09FA	0x4281    CMP	R1, R0
0x09FC	0xD906    BLS	L___Lib_System_4XX_InitialSetUpRCCRCC247
;__Lib_System_4XX.c, 490 :: 		
0x09FE	0x4873    LDR	R0, [PC, #460]
0x0A00	0x6800    LDR	R0, [R0, #0]
0x0A02	0xF0400106  ORR	R1, R0, #6
0x0A06	0x4871    LDR	R0, [PC, #452]
0x0A08	0x6001    STR	R1, [R0, #0]
0x0A0A	0xE03A    B	L___Lib_System_4XX_InitialSetUpRCCRCC248
L___Lib_System_4XX_InitialSetUpRCCRCC247:
;__Lib_System_4XX.c, 491 :: 		
0x0A0C	0x4870    LDR	R0, [PC, #448]
0x0A0E	0x4281    CMP	R1, R0
0x0A10	0xD906    BLS	L___Lib_System_4XX_InitialSetUpRCCRCC249
;__Lib_System_4XX.c, 492 :: 		
0x0A12	0x486E    LDR	R0, [PC, #440]
0x0A14	0x6800    LDR	R0, [R0, #0]
0x0A16	0xF0400105  ORR	R1, R0, #5
0x0A1A	0x486C    LDR	R0, [PC, #432]
0x0A1C	0x6001    STR	R1, [R0, #0]
0x0A1E	0xE030    B	L___Lib_System_4XX_InitialSetUpRCCRCC250
L___Lib_System_4XX_InitialSetUpRCCRCC249:
;__Lib_System_4XX.c, 493 :: 		
0x0A20	0x486E    LDR	R0, [PC, #440]
0x0A22	0x4281    CMP	R1, R0
0x0A24	0xD906    BLS	L___Lib_System_4XX_InitialSetUpRCCRCC251
;__Lib_System_4XX.c, 494 :: 		
0x0A26	0x4869    LDR	R0, [PC, #420]
0x0A28	0x6800    LDR	R0, [R0, #0]
0x0A2A	0xF0400104  ORR	R1, R0, #4
0x0A2E	0x4867    LDR	R0, [PC, #412]
0x0A30	0x6001    STR	R1, [R0, #0]
0x0A32	0xE026    B	L___Lib_System_4XX_InitialSetUpRCCRCC252
L___Lib_System_4XX_InitialSetUpRCCRCC251:
;__Lib_System_4XX.c, 495 :: 		
0x0A34	0x486A    LDR	R0, [PC, #424]
0x0A36	0x4281    CMP	R1, R0
0x0A38	0xD906    BLS	L___Lib_System_4XX_InitialSetUpRCCRCC253
;__Lib_System_4XX.c, 496 :: 		
0x0A3A	0x4864    LDR	R0, [PC, #400]
0x0A3C	0x6800    LDR	R0, [R0, #0]
0x0A3E	0xF0400103  ORR	R1, R0, #3
0x0A42	0x4862    LDR	R0, [PC, #392]
0x0A44	0x6001    STR	R1, [R0, #0]
0x0A46	0xE01C    B	L___Lib_System_4XX_InitialSetUpRCCRCC254
L___Lib_System_4XX_InitialSetUpRCCRCC253:
;__Lib_System_4XX.c, 497 :: 		
0x0A48	0xF64B3080  MOVW	R0, #48000
0x0A4C	0x4281    CMP	R1, R0
0x0A4E	0xD906    BLS	L___Lib_System_4XX_InitialSetUpRCCRCC255
;__Lib_System_4XX.c, 498 :: 		
0x0A50	0x485E    LDR	R0, [PC, #376]
0x0A52	0x6800    LDR	R0, [R0, #0]
0x0A54	0xF0400102  ORR	R1, R0, #2
0x0A58	0x485C    LDR	R0, [PC, #368]
0x0A5A	0x6001    STR	R1, [R0, #0]
0x0A5C	0xE011    B	L___Lib_System_4XX_InitialSetUpRCCRCC256
L___Lib_System_4XX_InitialSetUpRCCRCC255:
;__Lib_System_4XX.c, 499 :: 		
0x0A5E	0xF64550C0  MOVW	R0, #24000
0x0A62	0x4281    CMP	R1, R0
0x0A64	0xD906    BLS	L___Lib_System_4XX_InitialSetUpRCCRCC257
;__Lib_System_4XX.c, 500 :: 		
0x0A66	0x4859    LDR	R0, [PC, #356]
0x0A68	0x6800    LDR	R0, [R0, #0]
0x0A6A	0xF0400101  ORR	R1, R0, #1
0x0A6E	0x4857    LDR	R0, [PC, #348]
0x0A70	0x6001    STR	R1, [R0, #0]
0x0A72	0xE006    B	L___Lib_System_4XX_InitialSetUpRCCRCC258
L___Lib_System_4XX_InitialSetUpRCCRCC257:
;__Lib_System_4XX.c, 502 :: 		
0x0A74	0x4855    LDR	R0, [PC, #340]
0x0A76	0x6801    LDR	R1, [R0, #0]
0x0A78	0xF06F0007  MVN	R0, #7
0x0A7C	0x4001    ANDS	R1, R0
0x0A7E	0x4853    LDR	R0, [PC, #332]
0x0A80	0x6001    STR	R1, [R0, #0]
L___Lib_System_4XX_InitialSetUpRCCRCC258:
L___Lib_System_4XX_InitialSetUpRCCRCC256:
L___Lib_System_4XX_InitialSetUpRCCRCC254:
L___Lib_System_4XX_InitialSetUpRCCRCC252:
L___Lib_System_4XX_InitialSetUpRCCRCC250:
L___Lib_System_4XX_InitialSetUpRCCRCC248:
;__Lib_System_4XX.c, 503 :: 		
0x0A82	0xE0C3    B	L___Lib_System_4XX_InitialSetUpRCCRCC259
L___Lib_System_4XX_InitialSetUpRCCRCC246:
;__Lib_System_4XX.c, 504 :: 		
0x0A84	0x2801    CMP	R0, #1
0x0A86	0xF0408051  BNE	L___Lib_System_4XX_InitialSetUpRCCRCC260
;__Lib_System_4XX.c, 505 :: 		
0x0A8A	0x4851    LDR	R0, [PC, #324]
0x0A8C	0x4281    CMP	R1, R0
0x0A8E	0xD906    BLS	L___Lib_System_4XX_InitialSetUpRCCRCC261
;__Lib_System_4XX.c, 506 :: 		
0x0A90	0x484E    LDR	R0, [PC, #312]
0x0A92	0x6800    LDR	R0, [R0, #0]
0x0A94	0xF0400107  ORR	R1, R0, #7
0x0A98	0x484C    LDR	R0, [PC, #304]
0x0A9A	0x6001    STR	R1, [R0, #0]
0x0A9C	0xE045    B	L___Lib_System_4XX_InitialSetUpRCCRCC262
L___Lib_System_4XX_InitialSetUpRCCRCC261:
;__Lib_System_4XX.c, 507 :: 		
0x0A9E	0x4851    LDR	R0, [PC, #324]
0x0AA0	0x4281    CMP	R1, R0
0x0AA2	0xD906    BLS	L___Lib_System_4XX_InitialSetUpRCCRCC263
;__Lib_System_4XX.c, 508 :: 		
0x0AA4	0x4849    LDR	R0, [PC, #292]
0x0AA6	0x6800    LDR	R0, [R0, #0]
0x0AA8	0xF0400106  ORR	R1, R0, #6
0x0AAC	0x4847    LDR	R0, [PC, #284]
0x0AAE	0x6001    STR	R1, [R0, #0]
0x0AB0	0xE03B    B	L___Lib_System_4XX_InitialSetUpRCCRCC264
L___Lib_System_4XX_InitialSetUpRCCRCC263:
;__Lib_System_4XX.c, 509 :: 		
0x0AB2	0x4848    LDR	R0, [PC, #288]
0x0AB4	0x4281    CMP	R1, R0
0x0AB6	0xD906    BLS	L___Lib_System_4XX_InitialSetUpRCCRCC265
;__Lib_System_4XX.c, 510 :: 		
0x0AB8	0x4844    LDR	R0, [PC, #272]
0x0ABA	0x6800    LDR	R0, [R0, #0]
0x0ABC	0xF0400105  ORR	R1, R0, #5
0x0AC0	0x4842    LDR	R0, [PC, #264]
0x0AC2	0x6001    STR	R1, [R0, #0]
0x0AC4	0xE031    B	L___Lib_System_4XX_InitialSetUpRCCRCC266
L___Lib_System_4XX_InitialSetUpRCCRCC265:
;__Lib_System_4XX.c, 511 :: 		
0x0AC6	0x4846    LDR	R0, [PC, #280]
0x0AC8	0x4281    CMP	R1, R0
0x0ACA	0xD906    BLS	L___Lib_System_4XX_InitialSetUpRCCRCC267
;__Lib_System_4XX.c, 512 :: 		
0x0ACC	0x483F    LDR	R0, [PC, #252]
0x0ACE	0x6800    LDR	R0, [R0, #0]
0x0AD0	0xF0400104  ORR	R1, R0, #4
0x0AD4	0x483D    LDR	R0, [PC, #244]
0x0AD6	0x6001    STR	R1, [R0, #0]
0x0AD8	0xE027    B	L___Lib_System_4XX_InitialSetUpRCCRCC268
L___Lib_System_4XX_InitialSetUpRCCRCC267:
;__Lib_System_4XX.c, 513 :: 		
0x0ADA	0xF24D20F0  MOVW	R0, #54000
0x0ADE	0x4281    CMP	R1, R0
0x0AE0	0xD906    BLS	L___Lib_System_4XX_InitialSetUpRCCRCC269
;__Lib_System_4XX.c, 514 :: 		
0x0AE2	0x483A    LDR	R0, [PC, #232]
0x0AE4	0x6800    LDR	R0, [R0, #0]
0x0AE6	0xF0400103  ORR	R1, R0, #3
0x0AEA	0x4838    LDR	R0, [PC, #224]
0x0AEC	0x6001    STR	R1, [R0, #0]
0x0AEE	0xE01C    B	L___Lib_System_4XX_InitialSetUpRCCRCC270
L___Lib_System_4XX_InitialSetUpRCCRCC269:
;__Lib_System_4XX.c, 515 :: 		
0x0AF0	0xF64840A0  MOVW	R0, #36000
0x0AF4	0x4281    CMP	R1, R0
0x0AF6	0xD906    BLS	L___Lib_System_4XX_InitialSetUpRCCRCC271
;__Lib_System_4XX.c, 516 :: 		
0x0AF8	0x4834    LDR	R0, [PC, #208]
0x0AFA	0x6800    LDR	R0, [R0, #0]
0x0AFC	0xF0400102  ORR	R1, R0, #2
0x0B00	0x4832    LDR	R0, [PC, #200]
0x0B02	0x6001    STR	R1, [R0, #0]
0x0B04	0xE011    B	L___Lib_System_4XX_InitialSetUpRCCRCC272
L___Lib_System_4XX_InitialSetUpRCCRCC271:
;__Lib_System_4XX.c, 517 :: 		
0x0B06	0xF2446050  MOVW	R0, #18000
0x0B0A	0x4281    CMP	R1, R0
0x0B0C	0xD906    BLS	L___Lib_System_4XX_InitialSetUpRCCRCC273
;__Lib_System_4XX.c, 518 :: 		
0x0B0E	0x482F    LDR	R0, [PC, #188]
0x0B10	0x6800    LDR	R0, [R0, #0]
0x0B12	0xF0400101  ORR	R1, R0, #1
0x0B16	0x482D    LDR	R0, [PC, #180]
0x0B18	0x6001    STR	R1, [R0, #0]
0x0B1A	0xE006    B	L___Lib_System_4XX_InitialSetUpRCCRCC274
L___Lib_System_4XX_InitialSetUpRCCRCC273:
;__Lib_System_4XX.c, 520 :: 		
0x0B1C	0x482B    LDR	R0, [PC, #172]
0x0B1E	0x6801    LDR	R1, [R0, #0]
0x0B20	0xF06F0007  MVN	R0, #7
0x0B24	0x4001    ANDS	R1, R0
0x0B26	0x4829    LDR	R0, [PC, #164]
0x0B28	0x6001    STR	R1, [R0, #0]
L___Lib_System_4XX_InitialSetUpRCCRCC274:
L___Lib_System_4XX_InitialSetUpRCCRCC272:
L___Lib_System_4XX_InitialSetUpRCCRCC270:
L___Lib_System_4XX_InitialSetUpRCCRCC268:
L___Lib_System_4XX_InitialSetUpRCCRCC266:
L___Lib_System_4XX_InitialSetUpRCCRCC264:
L___Lib_System_4XX_InitialSetUpRCCRCC262:
;__Lib_System_4XX.c, 521 :: 		
0x0B2A	0xE06F    B	L___Lib_System_4XX_InitialSetUpRCCRCC275
L___Lib_System_4XX_InitialSetUpRCCRCC260:
;__Lib_System_4XX.c, 522 :: 		
0x0B2C	0x2800    CMP	R0, #0
0x0B2E	0xF040806D  BNE	L___Lib_System_4XX_InitialSetUpRCCRCC276
;__Lib_System_4XX.c, 523 :: 		
0x0B32	0x482D    LDR	R0, [PC, #180]
0x0B34	0x4281    CMP	R1, R0
0x0B36	0xD906    BLS	L___Lib_System_4XX_InitialSetUpRCCRCC277
;__Lib_System_4XX.c, 524 :: 		
0x0B38	0x4824    LDR	R0, [PC, #144]
0x0B3A	0x6800    LDR	R0, [R0, #0]
0x0B3C	0xF0400107  ORR	R1, R0, #7
0x0B40	0x4822    LDR	R0, [PC, #136]
0x0B42	0x6001    STR	R1, [R0, #0]
0x0B44	0xE062    B	L___Lib_System_4XX_InitialSetUpRCCRCC278
L___Lib_System_4XX_InitialSetUpRCCRCC277:
;__Lib_System_4XX.c, 525 :: 		
0x0B46	0x4825    LDR	R0, [PC, #148]
0x0B48	0x4281    CMP	R1, R0
0x0B4A	0xD906    BLS	L___Lib_System_4XX_InitialSetUpRCCRCC279
;__Lib_System_4XX.c, 526 :: 		
0x0B4C	0x481F    LDR	R0, [PC, #124]
0x0B4E	0x6800    LDR	R0, [R0, #0]
0x0B50	0xF0400106  ORR	R1, R0, #6
0x0B54	0x481D    LDR	R0, [PC, #116]
0x0B56	0x6001    STR	R1, [R0, #0]
0x0B58	0xE058    B	L___Lib_System_4XX_InitialSetUpRCCRCC280
L___Lib_System_4XX_InitialSetUpRCCRCC279:
;__Lib_System_4XX.c, 527 :: 		
0x0B5A	0x4824    LDR	R0, [PC, #144]
0x0B5C	0x4281    CMP	R1, R0
0x0B5E	0xD906    BLS	L___Lib_System_4XX_InitialSetUpRCCRCC281
;__Lib_System_4XX.c, 528 :: 		
0x0B60	0x481A    LDR	R0, [PC, #104]
0x0B62	0x6800    LDR	R0, [R0, #0]
0x0B64	0xF0400105  ORR	R1, R0, #5
0x0B68	0x4818    LDR	R0, [PC, #96]
0x0B6A	0x6001    STR	R1, [R0, #0]
0x0B6C	0xE04E    B	L___Lib_System_4XX_InitialSetUpRCCRCC282
L___Lib_System_4XX_InitialSetUpRCCRCC281:
;__Lib_System_4XX.c, 529 :: 		
0x0B6E	0xF5B14F7A  CMP	R1, #64000
0x0B72	0xD906    BLS	L___Lib_System_4XX_InitialSetUpRCCRCC283
;__Lib_System_4XX.c, 530 :: 		
0x0B74	0x4815    LDR	R0, [PC, #84]
0x0B76	0x6800    LDR	R0, [R0, #0]
0x0B78	0xF0400104  ORR	R1, R0, #4
0x0B7C	0x4813    LDR	R0, [PC, #76]
0x0B7E	0x6001    STR	R1, [R0, #0]
0x0B80	0xE044    B	L___Lib_System_4XX_InitialSetUpRCCRCC284
L___Lib_System_4XX_InitialSetUpRCCRCC283:
;__Lib_System_4XX.c, 531 :: 		
0x0B82	0xF64B3080  MOVW	R0, #48000
0x0B86	0x4281    CMP	R1, R0
0x0B88	0xD906    BLS	L___Lib_System_4XX_InitialSetUpRCCRCC285
;__Lib_System_4XX.c, 532 :: 		
0x0B8A	0x4810    LDR	R0, [PC, #64]
0x0B8C	0x6800    LDR	R0, [R0, #0]
0x0B8E	0xF0400103  ORR	R1, R0, #3
0x0B92	0x480E    LDR	R0, [PC, #56]
0x0B94	0x6001    STR	R1, [R0, #0]
0x0B96	0xE039    B	L___Lib_System_4XX_InitialSetUpRCCRCC286
L___Lib_System_4XX_InitialSetUpRCCRCC285:
;__Lib_System_4XX.c, 533 :: 		
0x0B98	0xF5B14FFA  CMP	R1, #32000
0x0B9C	0xD906    BLS	L___Lib_System_4XX_InitialSetUpRCCRCC287
;__Lib_System_4XX.c, 534 :: 		
0x0B9E	0x480B    LDR	R0, [PC, #44]
0x0BA0	0x6800    LDR	R0, [R0, #0]
0x0BA2	0xF0400102  ORR	R1, R0, #2
0x0BA6	0x4809    LDR	R0, [PC, #36]
0x0BA8	0x6001    STR	R1, [R0, #0]
0x0BAA	0xE02F    B	L___Lib_System_4XX_InitialSetUpRCCRCC288
L___Lib_System_4XX_InitialSetUpRCCRCC287:
;__Lib_System_4XX.c, 535 :: 		
0x0BAC	0xF5B15F7A  CMP	R1, #16000
0x0BB0	0xD925    BLS	L___Lib_System_4XX_InitialSetUpRCCRCC289
0x0BB2	0xE01D    B	#58
0x0BB4	0x00810100  	#16777345
0x0BB8	0x54100900  	#151016464
0x0BBC	0x94020060  	#6329346
0x0BC0	0x00030000  	#3
0x0BC4	0x90400002  	#168000
0x0BC8	0x49F00002  	#150000
0x0BCC	0x3C004002  	FLASH_ACR+0
0x0BD0	0xD4C00001  	#120000
0x0BD4	0x5F900001  	#90000
0x0BD8	0x32800002  	#144000
0x0BDC	0x77000001  	#96000
0x0BE0	0x19400001  	#72000
0x0BE4	0xA5E00001  	#108000
0x0BE8	0xB5800001  	#112000
0x0BEC	0x38800001  	#80000
;__Lib_System_4XX.c, 536 :: 		
0x0BF0	0x482D    LDR	R0, [PC, #180]
0x0BF2	0x6800    LDR	R0, [R0, #0]
0x0BF4	0xF0400101  ORR	R1, R0, #1
0x0BF8	0x482B    LDR	R0, [PC, #172]
0x0BFA	0x6001    STR	R1, [R0, #0]
0x0BFC	0xE006    B	L___Lib_System_4XX_InitialSetUpRCCRCC290
L___Lib_System_4XX_InitialSetUpRCCRCC289:
;__Lib_System_4XX.c, 538 :: 		
0x0BFE	0x482A    LDR	R0, [PC, #168]
0x0C00	0x6801    LDR	R1, [R0, #0]
0x0C02	0xF06F0007  MVN	R0, #7
0x0C06	0x4001    ANDS	R1, R0
0x0C08	0x4827    LDR	R0, [PC, #156]
0x0C0A	0x6001    STR	R1, [R0, #0]
L___Lib_System_4XX_InitialSetUpRCCRCC290:
L___Lib_System_4XX_InitialSetUpRCCRCC288:
L___Lib_System_4XX_InitialSetUpRCCRCC286:
L___Lib_System_4XX_InitialSetUpRCCRCC284:
L___Lib_System_4XX_InitialSetUpRCCRCC282:
L___Lib_System_4XX_InitialSetUpRCCRCC280:
L___Lib_System_4XX_InitialSetUpRCCRCC278:
;__Lib_System_4XX.c, 539 :: 		
L___Lib_System_4XX_InitialSetUpRCCRCC276:
L___Lib_System_4XX_InitialSetUpRCCRCC275:
L___Lib_System_4XX_InitialSetUpRCCRCC259:
L___Lib_System_4XX_InitialSetUpRCCRCC245:
;__Lib_System_4XX.c, 541 :: 		
0x0C0C	0x2101    MOVS	R1, #1
0x0C0E	0xB249    SXTB	R1, R1
0x0C10	0x4826    LDR	R0, [PC, #152]
0x0C12	0x6001    STR	R1, [R0, #0]
;__Lib_System_4XX.c, 542 :: 		
0x0C14	0x4826    LDR	R0, [PC, #152]
0x0C16	0x6001    STR	R1, [R0, #0]
;__Lib_System_4XX.c, 544 :: 		
0x0C18	0xF7FFFC68  BL	__Lib_System_4XX_SystemClockSetDefault+0
;__Lib_System_4XX.c, 546 :: 		
0x0C1C	0x4825    LDR	R0, [PC, #148]
0x0C1E	0x6003    STR	R3, [R0, #0]
;__Lib_System_4XX.c, 547 :: 		
0x0C20	0x4825    LDR	R0, [PC, #148]
0x0C22	0x6004    STR	R4, [R0, #0]
;__Lib_System_4XX.c, 548 :: 		
0x0C24	0x4825    LDR	R0, [PC, #148]
0x0C26	0xEA020100  AND	R1, R2, R0, LSL #0
0x0C2A	0x4825    LDR	R0, [PC, #148]
0x0C2C	0x6001    STR	R1, [R0, #0]
;__Lib_System_4XX.c, 550 :: 		
0x0C2E	0xF0020001  AND	R0, R2, #1
0x0C32	0xB140    CBZ	R0, L___Lib_System_4XX_InitialSetUpRCCRCC2102
0x0C34	0x4621    MOV	R1, R4
;__Lib_System_4XX.c, 551 :: 		
L___Lib_System_4XX_InitialSetUpRCCRCC292:
0x0C36	0x4822    LDR	R0, [PC, #136]
0x0C38	0x6800    LDR	R0, [R0, #0]
0x0C3A	0xF0000002  AND	R0, R0, #2
0x0C3E	0x2800    CMP	R0, #0
0x0C40	0xD100    BNE	L___Lib_System_4XX_InitialSetUpRCCRCC293
;__Lib_System_4XX.c, 552 :: 		
0x0C42	0xE7F8    B	L___Lib_System_4XX_InitialSetUpRCCRCC292
L___Lib_System_4XX_InitialSetUpRCCRCC293:
;__Lib_System_4XX.c, 553 :: 		
0x0C44	0xE000    B	L___Lib_System_4XX_InitialSetUpRCCRCC291
L___Lib_System_4XX_InitialSetUpRCCRCC2102:
;__Lib_System_4XX.c, 550 :: 		
0x0C46	0x4621    MOV	R1, R4
;__Lib_System_4XX.c, 553 :: 		
L___Lib_System_4XX_InitialSetUpRCCRCC291:
;__Lib_System_4XX.c, 555 :: 		
0x0C48	0xF4023080  AND	R0, R2, #65536
0x0C4C	0xB148    CBZ	R0, L___Lib_System_4XX_InitialSetUpRCCRCC2103
;__Lib_System_4XX.c, 556 :: 		
L___Lib_System_4XX_InitialSetUpRCCRCC295:
0x0C4E	0x481C    LDR	R0, [PC, #112]
0x0C50	0x6800    LDR	R0, [R0, #0]
0x0C52	0xF4003000  AND	R0, R0, #131072
0x0C56	0xB900    CBNZ	R0, L___Lib_System_4XX_InitialSetUpRCCRCC296
;__Lib_System_4XX.c, 557 :: 		
0x0C58	0xE7F9    B	L___Lib_System_4XX_InitialSetUpRCCRCC295
L___Lib_System_4XX_InitialSetUpRCCRCC296:
;__Lib_System_4XX.c, 558 :: 		
0x0C5A	0x9201    STR	R2, [SP, #4]
0x0C5C	0x460A    MOV	R2, R1
0x0C5E	0x9901    LDR	R1, [SP, #4]
0x0C60	0xE002    B	L___Lib_System_4XX_InitialSetUpRCCRCC294
L___Lib_System_4XX_InitialSetUpRCCRCC2103:
;__Lib_System_4XX.c, 555 :: 		
0x0C62	0x9101    STR	R1, [SP, #4]
0x0C64	0x4611    MOV	R1, R2
0x0C66	0x9A01    LDR	R2, [SP, #4]
;__Lib_System_4XX.c, 558 :: 		
L___Lib_System_4XX_InitialSetUpRCCRCC294:
;__Lib_System_4XX.c, 560 :: 		
0x0C68	0xF0017080  AND	R0, R1, #16777216
0x0C6C	0xB170    CBZ	R0, L___Lib_System_4XX_InitialSetUpRCCRCC2104
;__Lib_System_4XX.c, 561 :: 		
0x0C6E	0x4814    LDR	R0, [PC, #80]
0x0C70	0x6800    LDR	R0, [R0, #0]
0x0C72	0xF0407180  ORR	R1, R0, #16777216
0x0C76	0x4812    LDR	R0, [PC, #72]
0x0C78	0x6001    STR	R1, [R0, #0]
0x0C7A	0x4611    MOV	R1, R2
;__Lib_System_4XX.c, 562 :: 		
L___Lib_System_4XX_InitialSetUpRCCRCC298:
0x0C7C	0x4810    LDR	R0, [PC, #64]
0x0C7E	0x6800    LDR	R0, [R0, #0]
0x0C80	0xF0007000  AND	R0, R0, #33554432
0x0C84	0xB900    CBNZ	R0, L___Lib_System_4XX_InitialSetUpRCCRCC299
;__Lib_System_4XX.c, 563 :: 		
0x0C86	0xE7F9    B	L___Lib_System_4XX_InitialSetUpRCCRCC298
L___Lib_System_4XX_InitialSetUpRCCRCC299:
;__Lib_System_4XX.c, 564 :: 		
0x0C88	0x460A    MOV	R2, R1
0x0C8A	0xE7FF    B	L___Lib_System_4XX_InitialSetUpRCCRCC297
L___Lib_System_4XX_InitialSetUpRCCRCC2104:
;__Lib_System_4XX.c, 560 :: 		
;__Lib_System_4XX.c, 564 :: 		
L___Lib_System_4XX_InitialSetUpRCCRCC297:
;__Lib_System_4XX.c, 567 :: 		
L___Lib_System_4XX_InitialSetUpRCCRCC2100:
0x0C8C	0x480A    LDR	R0, [PC, #40]
0x0C8E	0x6800    LDR	R0, [R0, #0]
0x0C90	0xF000010C  AND	R1, R0, #12
0x0C94	0x0090    LSLS	R0, R2, #2
0x0C96	0xF000000C  AND	R0, R0, #12
0x0C9A	0x4281    CMP	R1, R0
0x0C9C	0xD000    BEQ	L___Lib_System_4XX_InitialSetUpRCCRCC2101
;__Lib_System_4XX.c, 568 :: 		
0x0C9E	0xE7F5    B	L___Lib_System_4XX_InitialSetUpRCCRCC2100
L___Lib_System_4XX_InitialSetUpRCCRCC2101:
;__Lib_System_4XX.c, 570 :: 		
L_end_InitialSetUpRCCRCC2:
0x0CA0	0xF8DDE000  LDR	LR, [SP, #0]
0x0CA4	0xB002    ADD	SP, SP, #8
0x0CA6	0x4770    BX	LR
0x0CA8	0x3C004002  	FLASH_ACR+0
0x0CAC	0x80204247  	FLASH_ACR+0
0x0CB0	0x80244247  	FLASH_ACR+0
0x0CB4	0x38044002  	RCC_PLLCFGR+0
0x0CB8	0x38084002  	RCC_CFGR+0
0x0CBC	0xFFFF000F  	#1048575
0x0CC0	0x38004002  	RCC_CR+0
; end of __Lib_System_4XX_InitialSetUpRCCRCC2
__Lib_System_4XX_SystemClockSetDefault:
;__Lib_System_4XX.c, 444 :: 		
0x04EC	0xB081    SUB	SP, SP, #4
;__Lib_System_4XX.c, 447 :: 		
0x04EE	0x480D    LDR	R0, [PC, #52]
0x04F0	0x6800    LDR	R0, [R0, #0]
0x04F2	0xF0400101  ORR	R1, R0, #1
0x04F6	0x480B    LDR	R0, [PC, #44]
0x04F8	0x6001    STR	R1, [R0, #0]
;__Lib_System_4XX.c, 450 :: 		
0x04FA	0x2100    MOVS	R1, #0
0x04FC	0x480A    LDR	R0, [PC, #40]
0x04FE	0x6001    STR	R1, [R0, #0]
;__Lib_System_4XX.c, 453 :: 		
0x0500	0x4808    LDR	R0, [PC, #32]
0x0502	0x6801    LDR	R1, [R0, #0]
0x0504	0x4809    LDR	R0, [PC, #36]
0x0506	0x4001    ANDS	R1, R0
0x0508	0x4806    LDR	R0, [PC, #24]
0x050A	0x6001    STR	R1, [R0, #0]
;__Lib_System_4XX.c, 456 :: 		
0x050C	0x4908    LDR	R1, [PC, #32]
0x050E	0x4809    LDR	R0, [PC, #36]
0x0510	0x6001    STR	R1, [R0, #0]
;__Lib_System_4XX.c, 459 :: 		
0x0512	0x4804    LDR	R0, [PC, #16]
0x0514	0x6801    LDR	R1, [R0, #0]
0x0516	0xF46F2080  MVN	R0, #262144
0x051A	0x4001    ANDS	R1, R0
0x051C	0x4801    LDR	R0, [PC, #4]
0x051E	0x6001    STR	R1, [R0, #0]
;__Lib_System_4XX.c, 463 :: 		
L_end_SystemClockSetDefault:
0x0520	0xB001    ADD	SP, SP, #4
0x0522	0x4770    BX	LR
0x0524	0x38004002  	RCC_CR+0
0x0528	0x38084002  	RCC_CFGR+0
0x052C	0xFFFFFEF6  	#-17367041
0x0530	0x30102400  	#603992080
0x0534	0x38044002  	RCC_PLLCFGR+0
; end of __Lib_System_4XX_SystemClockSetDefault
__Lib_System_4XX_InitialSetUpFosc:
;__Lib_System_4XX.c, 382 :: 		
0x0940	0xB081    SUB	SP, SP, #4
;__Lib_System_4XX.c, 383 :: 		
0x0942	0x4904    LDR	R1, [PC, #16]
0x0944	0x4804    LDR	R0, [PC, #16]
0x0946	0x6001    STR	R1, [R0, #0]
;__Lib_System_4XX.c, 384 :: 		
0x0948	0x4904    LDR	R1, [PC, #16]
0x094A	0x4805    LDR	R0, [PC, #20]
0x094C	0x6001    STR	R1, [R0, #0]
;__Lib_System_4XX.c, 385 :: 		
L_end_InitialSetUpFosc:
0x094E	0xB001    ADD	SP, SP, #4
0x0950	0x4770    BX	LR
0x0952	0xBF00    NOP
0x0954	0x90400002  	#168000
0x0958	0x002C2000  	___System_CLOCK_IN_KHZ+0
0x095C	0x00030000  	#3
0x0960	0x00302000  	__VOLTAGE_RANGE+0
; end of __Lib_System_4XX_InitialSetUpFosc
___GenExcept:
;__Lib_System_4XX.c, 327 :: 		
0x090C	0xB081    SUB	SP, SP, #4
;__Lib_System_4XX.c, 328 :: 		
L___GenExcept30:
0x090E	0xE7FE    B	L___GenExcept30
;__Lib_System_4XX.c, 329 :: 		
L_end___GenExcept:
0x0910	0xB001    ADD	SP, SP, #4
0x0912	0x4770    BX	LR
; end of ___GenExcept
___EnableFPU:
;__Lib_System_4XX.c, 360 :: 		
0x0914	0xB081    SUB	SP, SP, #4
;__Lib_System_4XX.c, 363 :: 		
0x0916	0xF64E5088  MOVW	R0, #60808
;__Lib_System_4XX.c, 364 :: 		
0x091A	0xF2CE0000  MOVT	R0, #57344
;__Lib_System_4XX.c, 366 :: 		
0x091E	0x6801    LDR	R1, [R0, #0]
;__Lib_System_4XX.c, 368 :: 		
0x0920	0xF4410170  ORR	R1, R1, #15728640
;__Lib_System_4XX.c, 370 :: 		
0x0924	0x6001    STR	R1, [R0, #0]
;__Lib_System_4XX.c, 372 :: 		
0x0926	0xBF00    NOP
;__Lib_System_4XX.c, 373 :: 		
0x0928	0xBF00    NOP
;__Lib_System_4XX.c, 374 :: 		
0x092A	0xBF00    NOP
;__Lib_System_4XX.c, 375 :: 		
0x092C	0xBF00    NOP
;__Lib_System_4XX.c, 377 :: 		
0x092E	0xEEF10A10  VMRS	R0, FPSCR
;__Lib_System_4XX.c, 378 :: 		
0x0932	0xF4400040  ORR	R0, R0, #12582912
;__Lib_System_4XX.c, 379 :: 		
0x0936	0xEEE10A10  VMSR	FPSCR, R0
;__Lib_System_4XX.c, 380 :: 		
L_end___EnableFPU:
0x093A	0xB001    ADD	SP, SP, #4
0x093C	0x4770    BX	LR
; end of ___EnableFPU
0x0DCC	0xB500    PUSH	(R14)
0x0DCE	0xF8DFB014  LDR	R11, [PC, #20]
0x0DD2	0xF8DFA014  LDR	R10, [PC, #20]
0x0DD6	0xF8DFC014  LDR	R12, [PC, #20]
0x0DDA	0xF7FFFC13  BL	1540
0x0DDE	0xBD00    POP	(R15)
0x0DE0	0x4770    BX	LR
0x0DE2	0xBF00    NOP
0x0DE4	0x00002000  	#536870912
0x0DE8	0x00272000  	#536870951
0x0DEC	0x0DA40000  	#3492
0x0E4C	0xB500    PUSH	(R14)
0x0E4E	0xF8DFB010  LDR	R11, [PC, #16]
0x0E52	0xF8DFA010  LDR	R10, [PC, #16]
0x0E56	0xF7FFFBB7  BL	1480
0x0E5A	0xBD00    POP	(R15)
0x0E5C	0x4770    BX	LR
0x0E5E	0xBF00    NOP
0x0E60	0x00002000  	#536870912
0x0E64	0x00342000  	#536870964
;main.c,0 :: ?ICS_txt3 [8]
0x0DA4	0x3464634C ;?ICS_txt3+0
0x0DA8	0x00746962 ;?ICS_txt3+4
; end of ?ICS_txt3
;main.c,0 :: ?ICS_txt4 [8]
0x0DAC	0x6D617865 ;?ICS_txt4+0
0x0DB0	0x00656C70 ;?ICS_txt4+4
; end of ?ICS_txt4
;,0 :: _initBlock_2 [23]
; Containing: ?ICS_txt1 [17]
;             ?ICS_txt2 [6]
0x0DB4	0x726B696D ;_initBlock_2+0 : ?ICS_txt1 at 0x0DB4
0x0DB8	0x656C656F ;_initBlock_2+4
0x0DBC	0x6F72746B ;_initBlock_2+8
0x0DC0	0x616B696E ;_initBlock_2+12
0x0DC4	0x4D545300 ;_initBlock_2+16 : ?ICS_txt2 at 0x0DC5
0x0DC8	0x003233 ;_initBlock_2+20
; end of _initBlock_2
Symbol List:
//** Routines locations **
//ADDRESS    SIZE    PROCEDURE
//----------------------------------------------
0x0188     [168]    _GPIO_Clk_Enable
0x0230      [28]    _Delay_5500us
0x0250      [28]    _Delay_50us
0x0270      [28]    _Delay_1us
0x028C     [568]    _GPIO_Config
0x04C4      [40]    _Lcd_Chr_CP
0x04EC      [76]    __Lib_System_4XX_SystemClockSetDefault
0x0538      [28]    _Move_Delay
0x0554     [116]    _Lcd_Out
0x05C8      [58]    ___FillZeros
0x0604      [20]    ___CC2DW
0x0618     [184]    _Lcd_Cmd
0x06D0     [572]    _Lcd_Init
0x090C       [8]    ___GenExcept
0x0914      [42]    ___EnableFPU
0x0940      [36]    __Lib_System_4XX_InitialSetUpFosc
0x0964     [864]    __Lib_System_4XX_InitialSetUpRCCRCC2
0x0CC8     [220]    _main
//** Variables locations ** 
//ADDRESS    SIZE    VARIABLE
//----------------------------------------------
0x20000000       [8]    _txt3
0x20000008       [8]    _txt4
0x20000010      [17]    _txt1
0x20000021       [6]    _txt2
0x20000027       [1]    _i
0x20000028       [0]    __Lib_Lcd_cmd_status
0x2000002C       [4]    ___System_CLOCK_IN_KHZ
0x20000030       [4]    __VOLTAGE_RANGE
//** Constants locations ** 
//ADDRESS    SIZE    CONSTANT
//----------------------------------------------
0x0DA4       [8]    ?ICS_txt3
0x0DAC       [8]    ?ICS_txt4
0x0DB4      [17]    ?ICS_txt1
0x0DC5       [6]    ?ICS_txt2
