;  LST file generated by mikroListExporter - v.2.0 
; Date/Time: 11/28/2022 16:11:15
;----------------------------------------------

;Address Opcode 	ASM
0x0000	0xF000EF10  	GOTO        32
_EXT_ISR:
;main.c,6 :: 		void EXT_ISR() iv 8
;main.c,11 :: 		INTCON.B1 = 0;  // Clear interrupt flag.
0x0008	0x92F2      	BCF         INTCON, 1 
;main.c,12 :: 		LATC = ~LATC;   // Toggle pins.
0x000A	0x1E8B      	COMF        LATC, 1 
;main.c,13 :: 		}
L_end_EXT_ISR:
L__EXT_ISR3:
0x000C	0x0011      	RETFIE      1
; end of _EXT_ISR
___FillZeros:
;__Lib_System.c,19 :: 		
;__Lib_System.c,20 :: 		
L___FillZeros1:
0x000E	0x50EA      	MOVF        FSR0+1, 0 
0x0010	0x5CE2      	SUBWF       FSR1+1, 0 
0x0012	0xE102      	BNZ         L____FillZeros12
0x0014	0x50E9      	MOVF        FSR0, 0 
0x0016	0x5CE1      	SUBWF       FSR1, 0 
L____FillZeros12:
0x0018	0xE202      	BC          L___FillZeros2
;__Lib_System.c,21 :: 		
0x001A	0x6AE6      	CLRF        POSTINC1 
0x001C	0xD7F8      	BRA         L___FillZeros1
L___FillZeros2:
;__Lib_System.c,22 :: 		
L_end___FillZeros:
0x001E	0x0012      	RETURN      0
; end of ___FillZeros
_main:
;main.c,15 :: 		void main(void)
;main.c,17 :: 		INTCON.B6 = 1;  // Enable peripheral interrupt.
0x0020	0xF000EC1A  	CALL        52, 0
0x0024	0x8CF2      	BSF         INTCON, 6 
;main.c,18 :: 		INTCON.B7 = 1;  // Enable global interrupt.
0x0026	0x8EF2      	BSF         INTCON, 7 
;main.c,20 :: 		INTCON.B4 = 1;  // Enable External Interrupt0.
0x0028	0x88F2      	BSF         INTCON, 4 
;main.c,22 :: 		TRISB.B0 = 1;   // This will be the input.
0x002A	0x8093      	BSF         TRISB, 0 
;main.c,23 :: 		TRISC = 0;      // This will be the output.
0x002C	0x6A94      	CLRF        TRISC 
;main.c,24 :: 		LATC = 0;       // Set all pins to 0.
0x002E	0x6A8B      	CLRF        LATC 
;main.c,30 :: 		while (1);
L_main0:
0x0030	0xD7FF      	BRA         L_main0
;main.c,31 :: 		}
L_end_main:
0x0032	0xD7FF      	BRA         $+0
; end of _main
0x0034	0x0012      	RETURN      0
Symbol List:
//** Routines locations **
//ADDRESS    SIZE    PROCEDURE
//----------------------------------------------
0x0008       [6]    _EXT_ISR
0x000E      [18]    ___FillZeros
0x0020      [20]    _main
//** Variables locations ** 
//ADDRESS    SIZE    VARIABLE
//----------------------------------------------
0x0000       [1]    R0
0x0001       [1]    R1
0x0002       [1]    R2
0x0003       [1]    R3
0x0004       [1]    R4
0x0005       [1]    R5
0x0006       [1]    R6
0x0007       [1]    R7
0x0008       [1]    R8
0x0009       [1]    R9
0x000A       [1]    R10
0x000B       [1]    R11
0x000C       [1]    R12
0x000D       [1]    R13
0x000E       [1]    R14
0x000F       [1]    R15
0x0010       [1]    R16
0x0011       [1]    R17
0x0012       [1]    R18
0x0013       [1]    R19
0x0014       [1]    R20
0x0F8B       [1]    LATC
0x0F93       [1]    TRISB
0x0F94       [1]    TRISC
0x0FD8       [1]    STATUS
0x0FD9       [1]    FSR2L
0x0FDA       [1]    FSR2H
0x0FDE       [1]    POSTINC2
0x0FE0       [1]    BSR
0x0FE1       [2]    FSR1
0x0FE1       [1]    FSR1L
0x0FE2       [1]    FSR1H
0x0FE4       [1]    PREINC1
0x0FE6       [1]    POSTINC1
0x0FE7       [1]    INDF1
0x0FE8       [1]    WREG
0x0FE9       [2]    FSR0
0x0FE9       [1]    FSR0L
0x0FEA       [1]    FSR0H
0x0FEE       [1]    POSTINC0
0x0FF2       [1]    INTCON
0x0FF3       [1]    PRODL
0x0FF4       [1]    PRODH
0x0FF5       [1]    TABLAT
0x0FF6       [1]    TBLPTRL
0x0FF7       [1]    TBLPTRH
0x0FF8       [1]    TBLPTRU
