;  LST file generated by mikroListExporter - v.2.0 
; Date/Time: 11/28/2022 15:56:36
;----------------------------------------------

;Address Opcode 	ASM
0x0000	0xF000EF17  	GOTO        46
0x0004	0x0000      	NOP
0x0006	0x0000      	NOP
0x0008	0xF000EF00  	GOTO        0
0x000C	0x0000      	NOP
0x000E	0x0000      	NOP
0x0010	0x0000      	NOP
0x0012	0x0000      	NOP
0x0014	0x0000      	NOP
0x0016	0x0000      	NOP
0x0018	0xD7F3      	BRA         0
___FillZeros:
;__Lib_System.c,19 :: 		
;__Lib_System.c,20 :: 		
L___FillZeros1:
0x001C	0x50EA      	MOVF        FSR0+1, 0 
0x001E	0x5CE2      	SUBWF       FSR1+1, 0 
0x0020	0xE102      	BNZ         L____FillZeros12
0x0022	0x50E9      	MOVF        FSR0, 0 
0x0024	0x5CE1      	SUBWF       FSR1, 0 
L____FillZeros12:
0x0026	0xE202      	BC          L___FillZeros2
;__Lib_System.c,21 :: 		
0x0028	0x6AE6      	CLRF        POSTINC1 
0x002A	0xD7F8      	BRA         L___FillZeros1
L___FillZeros2:
;__Lib_System.c,22 :: 		
L_end___FillZeros:
0x002C	0x0012      	RETURN      0
; end of ___FillZeros
_main:
;main.c,12 :: 		void main(void)
;main.c,15 :: 		test_var = 10;
0x002E	0xF000EC32  	CALL        100, 0
0x0032	0x0E0A      	MOVLW       10
0x0034	0x6E16      	MOVWF       main_test_var 
;main.c,17 :: 		test_var = 1010;
0x0036	0x0EF2      	MOVLW       242
0x0038	0x6E16      	MOVWF       main_test_var 
;main.c,23 :: 		test_var2 = 50;
0x003A	0x0E32      	MOVLW       50
0x003C	0x6E15      	MOVWF       main_test_var2 
;main.c,25 :: 		test_var2 = -50;
0x003E	0x0ECE      	MOVLW       206
0x0040	0x6E15      	MOVWF       main_test_var2 
;main.c,27 :: 		test_var2 = -1050;
0x0042	0x0EE6      	MOVLW       230
0x0044	0x6E15      	MOVWF       main_test_var2 
;main.c,32 :: 		test_var3 = 10;
0x0046	0x0E0A      	MOVLW       10
0x0048	0x6E18      	MOVWF       main_test_var3 
0x004A	0x0E00      	MOVLW       0
0x004C	0x6E19      	MOVWF       main_test_var3+1 
;main.c,34 :: 		test_var3 = 1010;
0x004E	0x0EF2      	MOVLW       242
0x0050	0x6E18      	MOVWF       main_test_var3 
0x0052	0x0E03      	MOVLW       3
0x0054	0x6E19      	MOVWF       main_test_var3+1 
;main.c,37 :: 		test_var4 = 50;
0x0056	0x0E32      	MOVLW       50
0x0058	0x6E17      	MOVWF       main_test_var4 
;main.c,39 :: 		test_var4 = -1050;
0x005A	0x0EE6      	MOVLW       230
0x005C	0x6E17      	MOVWF       main_test_var4 
;main.c,42 :: 		while (1) {
L_main0:
;main.c,44 :: 		asm nop;
0x005E	0x0000      	NOP
;main.c,45 :: 		}
0x0060	0xD7FE      	BRA         L_main0
;main.c,46 :: 		}
L_end_main:
0x0062	0xD7FF      	BRA         $+0
; end of _main
0x0064	0xF015EE10  	LFSR        1, 21
0x0068	0xF01AEE00  	LFSR        0, 26
0x006C	0xF000EC0E  	CALL        28, 0
0x0070	0x0012      	RETURN      0
Symbol List:
//** Routines locations **
//ADDRESS    SIZE    PROCEDURE
//----------------------------------------------
0x001C      [18]    ___FillZeros
0x002E      [54]    _main
//** Variables locations ** 
//ADDRESS    SIZE    VARIABLE
//----------------------------------------------
0x0000       [1]    R0
0x0001       [1]    R1
0x0002       [1]    R2
0x0003       [1]    R3
0x0004       [1]    R4
0x0005       [1]    R5
0x0006       [1]    R6
0x0007       [1]    R7
0x0008       [1]    R8
0x0009       [1]    R9
0x000A       [1]    R10
0x000B       [1]    R11
0x000C       [1]    R12
0x000D       [1]    R13
0x000E       [1]    R14
0x000F       [1]    R15
0x0010       [1]    R16
0x0011       [1]    R17
0x0012       [1]    R18
0x0013       [1]    R19
0x0014       [1]    R20
0x0015       [1]    main_test_var2
0x0016       [1]    main_test_var
0x0017       [1]    main_test_var4
0x0018       [2]    main_test_var3
0x0FD8       [1]    STATUS
0x0FD9       [1]    FSR2L
0x0FDA       [1]    FSR2H
0x0FDE       [1]    POSTINC2
0x0FE0       [1]    BSR
0x0FE1       [2]    FSR1
0x0FE1       [1]    FSR1L
0x0FE2       [1]    FSR1H
0x0FE4       [1]    PREINC1
0x0FE6       [1]    POSTINC1
0x0FE7       [1]    INDF1
0x0FE8       [1]    WREG
0x0FE9       [2]    FSR0
0x0FE9       [1]    FSR0L
0x0FEA       [1]    FSR0H
0x0FEE       [1]    POSTINC0
0x0FF3       [1]    PRODL
0x0FF4       [1]    PRODH
0x0FF5       [1]    TABLAT
0x0FF6       [1]    TBLPTRL
0x0FF7       [1]    TBLPTRH
0x0FF8       [1]    TBLPTRU
